{"C:\\Users\\Lenovo\\Desktop\\Polito\\Software Engineering 2\\KirunaExplorer\\code\\server\\src\\dao\\documentDAO.ts": {"path":"C:\\Users\\Lenovo\\Desktop\\Polito\\Software Engineering 2\\KirunaExplorer\\code\\server\\src\\dao\\documentDAO.ts","statementMap":{"0":{"start":{"line":1,"column":0},"end":{"line":1,"column":50}},"1":{"start":{"line":2,"column":0},"end":{"line":2,"column":25}},"2":{"start":{"line":3,"column":0},"end":{"line":3,"column":45}},"3":{"start":{"line":4,"column":0},"end":{"line":4,"column":51}},"4":{"start":{"line":20,"column":8},"end":{"line":54,"column":11}},"5":{"start":{"line":21,"column":12},"end":{"line":53,"column":null}},"6":{"start":{"line":23,"column":28},"end":{"line":23,"column":144}},"7":{"start":{"line":24,"column":16},"end":{"line":50,"column":19}},"8":{"start":{"line":25,"column":20},"end":{"line":28,"column":null}},"9":{"start":{"line":26,"column":24},"end":{"line":26,"column":36}},"10":{"start":{"line":27,"column":24},"end":{"line":27,"column":31}},"11":{"start":{"line":30,"column":39},"end":{"line":30,"column":50}},"12":{"start":{"line":33,"column":43},"end":{"line":33,"column":121}},"13":{"start":{"line":34,"column":47},"end":{"line":43,"column":null}},"14":{"start":{"line":35,"column":24},"end":{"line":43,"column":26}},"15":{"start":{"line":36,"column":28},"end":{"line":42,"column":31}},"16":{"start":{"line":37,"column":32},"end":{"line":41,"column":null}},"17":{"start":{"line":38,"column":36},"end":{"line":38,"column":54}},"18":{"start":{"line":40,"column":36},"end":{"line":40,"column":52}},"19":{"start":{"line":47,"column":20},"end":{"line":49,"column":55}},"20":{"start":{"line":48,"column":36},"end":{"line":48,"column":45}},"21":{"start":{"line":49,"column":40},"end":{"line":49,"column":53}},"22":{"start":{"line":52,"column":16},"end":{"line":52,"column":30}},"23":{"start":{"line":63,"column":8},"end":{"line":103,"column":11}},"24":{"start":{"line":64,"column":12},"end":{"line":102,"column":null}},"25":{"start":{"line":65,"column":28},"end":{"line":65,"column":264}},"26":{"start":{"line":67,"column":16},"end":{"line":99,"column":19}},"27":{"start":{"line":68,"column":20},"end":{"line":71,"column":null}},"28":{"start":{"line":69,"column":24},"end":{"line":69,"column":36}},"29":{"start":{"line":70,"column":24},"end":{"line":70,"column":31}},"30":{"start":{"line":72,"column":20},"end":{"line":75,"column":null}},"31":{"start":{"line":73,"column":24},"end":{"line":73,"column":65}},"32":{"start":{"line":74,"column":24},"end":{"line":74,"column":31}},"33":{"start":{"line":78,"column":32},"end":{"line":78,"column":39}},"34":{"start":{"line":79,"column":47},"end":{"line":88,"column":null}},"35":{"start":{"line":92,"column":20},"end":{"line":96,"column":23}},"36":{"start":{"line":92,"column":60},"end":{"line":95,"column":null}},"37":{"start":{"line":98,"column":20},"end":{"line":98,"column":38}},"38":{"start":{"line":101,"column":16},"end":{"line":101,"column":30}},"39":{"start":{"line":112,"column":8},"end":{"line":156,"column":11}},"40":{"start":{"line":113,"column":12},"end":{"line":155,"column":null}},"41":{"start":{"line":114,"column":28},"end":{"line":114,"column":249}},"42":{"start":{"line":116,"column":16},"end":{"line":152,"column":19}},"43":{"start":{"line":117,"column":20},"end":{"line":120,"column":null}},"44":{"start":{"line":118,"column":24},"end":{"line":118,"column":36}},"45":{"start":{"line":119,"column":24},"end":{"line":119,"column":31}},"46":{"start":{"line":121,"column":20},"end":{"line":124,"column":null}},"47":{"start":{"line":122,"column":24},"end":{"line":122,"column":65}},"48":{"start":{"line":123,"column":24},"end":{"line":123,"column":31}},"49":{"start":{"line":127,"column":41},"end":{"line":127,"column":68}},"50":{"start":{"line":128,"column":20},"end":{"line":147,"column":23}},"51":{"start":{"line":129,"column":43},"end":{"line":129,"column":49}},"52":{"start":{"line":130,"column":24},"end":{"line":142,"column":null}},"53":{"start":{"line":131,"column":28},"end":{"line":141,"column":31}},"54":{"start":{"line":145,"column":44},"end":{"line":145,"column":127}},"55":{"start":{"line":146,"column":24},"end":{"line":146,"column":85}},"56":{"start":{"line":150,"column":38},"end":{"line":150,"column":71}},"57":{"start":{"line":151,"column":20},"end":{"line":151,"column":39}},"58":{"start":{"line":154,"column":16},"end":{"line":154,"column":30}},"59":{"start":{"line":166,"column":8},"end":{"line":179,"column":11}},"60":{"start":{"line":167,"column":12},"end":{"line":178,"column":null}},"61":{"start":{"line":168,"column":28},"end":{"line":168,"column":64}},"62":{"start":{"line":169,"column":16},"end":{"line":175,"column":19}},"63":{"start":{"line":170,"column":20},"end":{"line":173,"column":null}},"64":{"start":{"line":171,"column":24},"end":{"line":171,"column":36}},"65":{"start":{"line":172,"column":24},"end":{"line":172,"column":31}},"66":{"start":{"line":174,"column":20},"end":{"line":174,"column":30}},"67":{"start":{"line":177,"column":16},"end":{"line":177,"column":30}},"68":{"start":{"line":198,"column":8},"end":{"line":246,"column":11}},"69":{"start":{"line":199,"column":38},"end":{"line":199,"column":165}},"70":{"start":{"line":200,"column":27},"end":{"line":209,"column":14}},"71":{"start":{"line":211,"column":12},"end":{"line":245,"column":15}},"72":{"start":{"line":212,"column":16},"end":{"line":216,"column":null}},"73":{"start":{"line":213,"column":20},"end":{"line":213,"column":37}},"74":{"start":{"line":214,"column":20},"end":{"line":214,"column":32}},"75":{"start":{"line":215,"column":20},"end":{"line":215,"column":27}},"76":{"start":{"line":218,"column":46},"end":{"line":218,"column":104}},"77":{"start":{"line":219,"column":16},"end":{"line":244,"column":19}},"78":{"start":{"line":220,"column":20},"end":{"line":224,"column":null}},"79":{"start":{"line":221,"column":24},"end":{"line":221,"column":47}},"80":{"start":{"line":222,"column":24},"end":{"line":222,"column":42}},"81":{"start":{"line":223,"column":24},"end":{"line":223,"column":31}},"82":{"start":{"line":227,"column":49},"end":{"line":227,"column":129}},"83":{"start":{"line":228,"column":47},"end":{"line":237,"column":null}},"84":{"start":{"line":229,"column":24},"end":{"line":237,"column":26}},"85":{"start":{"line":230,"column":28},"end":{"line":236,"column":31}},"86":{"start":{"line":231,"column":32},"end":{"line":235,"column":null}},"87":{"start":{"line":232,"column":36},"end":{"line":232,"column":60}},"88":{"start":{"line":234,"column":36},"end":{"line":234,"column":52}},"89":{"start":{"line":241,"column":20},"end":{"line":243,"column":55}},"90":{"start":{"line":242,"column":36},"end":{"line":242,"column":45}},"91":{"start":{"line":243,"column":40},"end":{"line":243,"column":53}},"92":{"start":{"line":250,"column":8},"end":{"line":316,"column":11}},"93":{"start":{"line":251,"column":12},"end":{"line":315,"column":null}},"94":{"start":{"line":252,"column":28},"end":{"line":257,"column":18}},"95":{"start":{"line":258,"column":16},"end":{"line":312,"column":19}},"96":{"start":{"line":259,"column":20},"end":{"line":259,"column":48}},"97":{"start":{"line":259,"column":29},"end":{"line":259,"column":48}},"98":{"start":{"line":260,"column":20},"end":{"line":260,"column":96}},"99":{"start":{"line":260,"column":52},"end":{"line":260,"column":96}},"100":{"start":{"line":262,"column":59},"end":{"line":262,"column":92}},"101":{"start":{"line":262,"column":75},"end":{"line":262,"column":91}},"102":{"start":{"line":263,"column":59},"end":{"line":263,"column":92}},"103":{"start":{"line":263,"column":75},"end":{"line":263,"column":91}},"104":{"start":{"line":264,"column":50},"end":{"line":264,"column":121}},"105":{"start":{"line":265,"column":50},"end":{"line":265,"column":94}},"106":{"start":{"line":265,"column":80},"end":{"line":265,"column":93}},"107":{"start":{"line":267,"column":36},"end":{"line":267,"column":77}},"108":{"start":{"line":268,"column":20},"end":{"line":311,"column":23}},"109":{"start":{"line":269,"column":24},"end":{"line":269,"column":52}},"110":{"start":{"line":269,"column":33},"end":{"line":269,"column":52}},"111":{"start":{"line":270,"column":24},"end":{"line":270,"column":50}},"112":{"start":{"line":271,"column":24},"end":{"line":271,"column":120}},"113":{"start":{"line":271,"column":72},"end":{"line":271,"column":120}},"114":{"start":{"line":273,"column":49},"end":{"line":306,"column":26}},"115":{"start":{"line":274,"column":48},"end":{"line":275,"column":null}},"116":{"start":{"line":275,"column":32},"end":{"line":275,"column":119}},"117":{"start":{"line":278,"column":28},"end":{"line":305,"column":31}},"118":{"start":{"line":279,"column":56},"end":{"line":284,"column":34}},"119":{"start":{"line":285,"column":32},"end":{"line":304,"column":35}},"120":{"start":{"line":286,"column":36},"end":{"line":286,"column":67}},"121":{"start":{"line":286,"column":45},"end":{"line":286,"column":67}},"122":{"start":{"line":288,"column":57},"end":{"line":290,"column":42}},"123":{"start":{"line":289,"column":40},"end":{"line":289,"column":132}},"124":{"start":{"line":292,"column":36},"end":{"line":303,"column":39}},"125":{"start":{"line":308,"column":24},"end":{"line":310,"column":43}},"126":{"start":{"line":309,"column":47},"end":{"line":309,"column":65}},"127":{"start":{"line":314,"column":16},"end":{"line":314,"column":30}},"128":{"start":{"line":326,"column":8},"end":{"line":343,"column":11}},"129":{"start":{"line":327,"column":12},"end":{"line":342,"column":null}},"130":{"start":{"line":328,"column":28},"end":{"line":328,"column":70}},"131":{"start":{"line":329,"column":16},"end":{"line":339,"column":19}},"132":{"start":{"line":330,"column":20},"end":{"line":333,"column":null}},"133":{"start":{"line":331,"column":24},"end":{"line":331,"column":36}},"134":{"start":{"line":332,"column":24},"end":{"line":332,"column":31}},"135":{"start":{"line":334,"column":20},"end":{"line":337,"column":null}},"136":{"start":{"line":335,"column":24},"end":{"line":335,"column":65}},"137":{"start":{"line":336,"column":24},"end":{"line":336,"column":31}},"138":{"start":{"line":338,"column":20},"end":{"line":338,"column":39}},"139":{"start":{"line":341,"column":16},"end":{"line":341,"column":30}},"140":{"start":{"line":353,"column":8},"end":{"line":370,"column":11}},"141":{"start":{"line":354,"column":12},"end":{"line":369,"column":null}},"142":{"start":{"line":355,"column":28},"end":{"line":355,"column":76}},"143":{"start":{"line":356,"column":16},"end":{"line":366,"column":19}},"144":{"start":{"line":357,"column":20},"end":{"line":360,"column":null}},"145":{"start":{"line":358,"column":24},"end":{"line":358,"column":36}},"146":{"start":{"line":359,"column":24},"end":{"line":359,"column":31}},"147":{"start":{"line":361,"column":20},"end":{"line":364,"column":null}},"148":{"start":{"line":362,"column":24},"end":{"line":362,"column":65}},"149":{"start":{"line":363,"column":24},"end":{"line":363,"column":31}},"150":{"start":{"line":365,"column":20},"end":{"line":365,"column":53}},"151":{"start":{"line":368,"column":16},"end":{"line":368,"column":30}},"152":{"start":{"line":380,"column":8},"end":{"line":397,"column":11}},"153":{"start":{"line":381,"column":12},"end":{"line":396,"column":null}},"154":{"start":{"line":382,"column":28},"end":{"line":382,"column":77}},"155":{"start":{"line":383,"column":16},"end":{"line":393,"column":19}},"156":{"start":{"line":384,"column":20},"end":{"line":387,"column":null}},"157":{"start":{"line":385,"column":24},"end":{"line":385,"column":36}},"158":{"start":{"line":386,"column":24},"end":{"line":386,"column":31}},"159":{"start":{"line":388,"column":20},"end":{"line":391,"column":null}},"160":{"start":{"line":389,"column":24},"end":{"line":389,"column":65}},"161":{"start":{"line":390,"column":24},"end":{"line":390,"column":31}},"162":{"start":{"line":392,"column":20},"end":{"line":392,"column":46}},"163":{"start":{"line":395,"column":16},"end":{"line":395,"column":30}},"164":{"start":{"line":408,"column":8},"end":{"line":436,"column":11}},"165":{"start":{"line":409,"column":12},"end":{"line":435,"column":null}},"166":{"start":{"line":410,"column":28},"end":{"line":410,"column":68}},"167":{"start":{"line":411,"column":16},"end":{"line":432,"column":19}},"168":{"start":{"line":412,"column":20},"end":{"line":415,"column":null}},"169":{"start":{"line":413,"column":24},"end":{"line":413,"column":36}},"170":{"start":{"line":414,"column":24},"end":{"line":414,"column":31}},"171":{"start":{"line":416,"column":20},"end":{"line":419,"column":null}},"172":{"start":{"line":417,"column":24},"end":{"line":417,"column":65}},"173":{"start":{"line":418,"column":24},"end":{"line":418,"column":31}},"174":{"start":{"line":420,"column":50},"end":{"line":430,"column":22}},"175":{"start":{"line":420,"column":73},"end":{"line":429,"column":null}},"176":{"start":{"line":431,"column":20},"end":{"line":431,"column":39}},"177":{"start":{"line":434,"column":16},"end":{"line":434,"column":30}},"178":{"start":{"line":444,"column":8},"end":{"line":444,"column":19}}},"fnMap":{"0":{"name":"(anonymous_1)","decl":{"start":{"line":19,"column":4},"end":{"line":19,"column":15}},"loc":{"start":{"line":19,"column":173},"end":{"line":55,"column":5}}},"1":{"name":"(anonymous_2)","decl":{"start":{"line":20,"column":33},"end":{"line":20,"column":34}},"loc":{"start":{"line":20,"column":53},"end":{"line":54,"column":9}}},"2":{"name":"(anonymous_3)","decl":{"start":{"line":24,"column":94},"end":{"line":24,"column":104}},"loc":{"start":{"line":24,"column":121},"end":{"line":50,"column":17}}},"3":{"name":"(anonymous_4)","decl":{"start":{"line":34,"column":64},"end":{"line":34,"column":77}},"loc":{"start":{"line":35,"column":24},"end":{"line":43,"column":26}}},"4":{"name":"(anonymous_5)","decl":{"start":{"line":35,"column":42},"end":{"line":35,"column":43}},"loc":{"start":{"line":35,"column":74},"end":{"line":43,"column":25}}},"5":{"name":"(anonymous_6)","decl":{"start":{"line":36,"column":80},"end":{"line":36,"column":81}},"loc":{"start":{"line":36,"column":102},"end":{"line":42,"column":29}}},"6":{"name":"(anonymous_7)","decl":{"start":{"line":48,"column":30},"end":{"line":48,"column":33}},"loc":{"start":{"line":48,"column":36},"end":{"line":48,"column":45}}},"7":{"name":"(anonymous_8)","decl":{"start":{"line":49,"column":31},"end":{"line":49,"column":36}},"loc":{"start":{"line":49,"column":40},"end":{"line":49,"column":53}}},"8":{"name":"(anonymous_9)","decl":{"start":{"line":62,"column":4},"end":{"line":62,"column":19}},"loc":{"start":{"line":62,"column":30},"end":{"line":104,"column":5}}},"9":{"name":"(anonymous_10)","decl":{"start":{"line":63,"column":37},"end":{"line":63,"column":38}},"loc":{"start":{"line":63,"column":57},"end":{"line":103,"column":9}}},"10":{"name":"(anonymous_11)","decl":{"start":{"line":67,"column":34},"end":{"line":67,"column":35}},"loc":{"start":{"line":67,"column":69},"end":{"line":99,"column":17}}},"11":{"name":"(anonymous_12)","decl":{"start":{"line":92,"column":53},"end":{"line":92,"column":56}},"loc":{"start":{"line":92,"column":60},"end":{"line":95,"column":null}}},"12":{"name":"(anonymous_13)","decl":{"start":{"line":111,"column":4},"end":{"line":111,"column":19}},"loc":{"start":{"line":111,"column":19},"end":{"line":157,"column":5}}},"13":{"name":"(anonymous_14)","decl":{"start":{"line":112,"column":39},"end":{"line":112,"column":40}},"loc":{"start":{"line":112,"column":59},"end":{"line":156,"column":9}}},"14":{"name":"(anonymous_15)","decl":{"start":{"line":116,"column":32},"end":{"line":116,"column":33}},"loc":{"start":{"line":116,"column":67},"end":{"line":152,"column":17}}},"15":{"name":"(anonymous_16)","decl":{"start":{"line":128,"column":33},"end":{"line":128,"column":34}},"loc":{"start":{"line":128,"column":46},"end":{"line":147,"column":21}}},"16":{"name":"(anonymous_17)","decl":{"start":{"line":165,"column":4},"end":{"line":165,"column":18}},"loc":{"start":{"line":165,"column":29},"end":{"line":180,"column":5}}},"17":{"name":"(anonymous_18)","decl":{"start":{"line":166,"column":33},"end":{"line":166,"column":34}},"loc":{"start":{"line":166,"column":53},"end":{"line":179,"column":9}}},"18":{"name":"(anonymous_19)","decl":{"start":{"line":169,"column":34},"end":{"line":169,"column":35}},"loc":{"start":{"line":169,"column":56},"end":{"line":175,"column":17}}},"19":{"name":"(anonymous_20)","decl":{"start":{"line":196,"column":4},"end":{"line":196,"column":16}},"loc":{"start":{"line":196,"column":184},"end":{"line":247,"column":5}}},"20":{"name":"(anonymous_21)","decl":{"start":{"line":198,"column":33},"end":{"line":198,"column":34}},"loc":{"start":{"line":198,"column":53},"end":{"line":246,"column":9}}},"21":{"name":"(anonymous_22)","decl":{"start":{"line":211,"column":46},"end":{"line":211,"column":47}},"loc":{"start":{"line":211,"column":68},"end":{"line":245,"column":13}}},"22":{"name":"(anonymous_23)","decl":{"start":{"line":219,"column":52},"end":{"line":219,"column":53}},"loc":{"start":{"line":219,"column":80},"end":{"line":244,"column":17}}},"23":{"name":"(anonymous_24)","decl":{"start":{"line":228,"column":64},"end":{"line":228,"column":77}},"loc":{"start":{"line":229,"column":24},"end":{"line":237,"column":26}}},"24":{"name":"(anonymous_25)","decl":{"start":{"line":229,"column":42},"end":{"line":229,"column":43}},"loc":{"start":{"line":229,"column":74},"end":{"line":237,"column":25}}},"25":{"name":"(anonymous_26)","decl":{"start":{"line":230,"column":78},"end":{"line":230,"column":79}},"loc":{"start":{"line":230,"column":106},"end":{"line":236,"column":29}}},"26":{"name":"(anonymous_27)","decl":{"start":{"line":242,"column":30},"end":{"line":242,"column":33}},"loc":{"start":{"line":242,"column":36},"end":{"line":242,"column":45}}},"27":{"name":"(anonymous_28)","decl":{"start":{"line":243,"column":31},"end":{"line":243,"column":36}},"loc":{"start":{"line":243,"column":40},"end":{"line":243,"column":53}}},"28":{"name":"(anonymous_29)","decl":{"start":{"line":249,"column":4},"end":{"line":249,"column":24}},"loc":{"start":{"line":249,"column":35},"end":{"line":317,"column":5}}},"29":{"name":"(anonymous_30)","decl":{"start":{"line":250,"column":38},"end":{"line":250,"column":39}},"loc":{"start":{"line":250,"column":58},"end":{"line":316,"column":9}}},"30":{"name":"(anonymous_31)","decl":{"start":{"line":258,"column":38},"end":{"line":258,"column":39}},"loc":{"start":{"line":258,"column":73},"end":{"line":312,"column":17}}},"31":{"name":"(anonymous_32)","decl":{"start":{"line":262,"column":68},"end":{"line":262,"column":71}},"loc":{"start":{"line":262,"column":75},"end":{"line":262,"column":91}}},"32":{"name":"(anonymous_33)","decl":{"start":{"line":263,"column":68},"end":{"line":263,"column":71}},"loc":{"start":{"line":263,"column":75},"end":{"line":263,"column":91}}},"33":{"name":"(anonymous_34)","decl":{"start":{"line":265,"column":69},"end":{"line":265,"column":76}},"loc":{"start":{"line":265,"column":80},"end":{"line":265,"column":93}}},"34":{"name":"(anonymous_35)","decl":{"start":{"line":268,"column":49},"end":{"line":268,"column":50}},"loc":{"start":{"line":268,"column":92},"end":{"line":311,"column":21}}},"35":{"name":"(anonymous_36)","decl":{"start":{"line":273,"column":66},"end":{"line":273,"column":69}},"loc":{"start":{"line":273,"column":72},"end":{"line":306,"column":25}}},"36":{"name":"(anonymous_37)","decl":{"start":{"line":274,"column":58},"end":{"line":274,"column":65}},"loc":{"start":{"line":275,"column":32},"end":{"line":275,"column":119}}},"37":{"name":"(anonymous_38)","decl":{"start":{"line":278,"column":56},"end":{"line":278,"column":57}},"loc":{"start":{"line":278,"column":82},"end":{"line":305,"column":29}}},"38":{"name":"(anonymous_39)","decl":{"start":{"line":285,"column":66},"end":{"line":285,"column":67}},"loc":{"start":{"line":285,"column":112},"end":{"line":304,"column":33}}},"39":{"name":"(anonymous_40)","decl":{"start":{"line":288,"column":95},"end":{"line":288,"column":109}},"loc":{"start":{"line":289,"column":40},"end":{"line":289,"column":132}}},"40":{"name":"(anonymous_41)","decl":{"start":{"line":309,"column":34},"end":{"line":309,"column":43}},"loc":{"start":{"line":309,"column":47},"end":{"line":309,"column":65}}},"41":{"name":"(anonymous_42)","decl":{"start":{"line":325,"column":4},"end":{"line":325,"column":24}},"loc":{"start":{"line":325,"column":35},"end":{"line":344,"column":5}}},"42":{"name":"(anonymous_43)","decl":{"start":{"line":326,"column":35},"end":{"line":326,"column":36}},"loc":{"start":{"line":326,"column":55},"end":{"line":343,"column":9}}},"43":{"name":"(anonymous_44)","decl":{"start":{"line":329,"column":34},"end":{"line":329,"column":35}},"loc":{"start":{"line":329,"column":66},"end":{"line":339,"column":17}}},"44":{"name":"(anonymous_45)","decl":{"start":{"line":352,"column":4},"end":{"line":352,"column":30}},"loc":{"start":{"line":352,"column":41},"end":{"line":371,"column":5}}},"45":{"name":"(anonymous_46)","decl":{"start":{"line":353,"column":42},"end":{"line":353,"column":43}},"loc":{"start":{"line":353,"column":62},"end":{"line":370,"column":9}}},"46":{"name":"(anonymous_47)","decl":{"start":{"line":356,"column":34},"end":{"line":356,"column":35}},"loc":{"start":{"line":356,"column":66},"end":{"line":366,"column":17}}},"47":{"name":"(anonymous_48)","decl":{"start":{"line":379,"column":4},"end":{"line":379,"column":31}},"loc":{"start":{"line":379,"column":42},"end":{"line":398,"column":5}}},"48":{"name":"(anonymous_49)","decl":{"start":{"line":380,"column":35},"end":{"line":380,"column":36}},"loc":{"start":{"line":380,"column":55},"end":{"line":397,"column":9}}},"49":{"name":"(anonymous_50)","decl":{"start":{"line":383,"column":34},"end":{"line":383,"column":35}},"loc":{"start":{"line":383,"column":66},"end":{"line":393,"column":17}}},"50":{"name":"(anonymous_51)","decl":{"start":{"line":407,"column":4},"end":{"line":407,"column":29}},"loc":{"start":{"line":407,"column":42},"end":{"line":437,"column":5}}},"51":{"name":"(anonymous_52)","decl":{"start":{"line":408,"column":39},"end":{"line":408,"column":40}},"loc":{"start":{"line":408,"column":59},"end":{"line":436,"column":9}}},"52":{"name":"(anonymous_53)","decl":{"start":{"line":411,"column":36},"end":{"line":411,"column":37}},"loc":{"start":{"line":411,"column":71},"end":{"line":432,"column":17}}},"53":{"name":"(anonymous_54)","decl":{"start":{"line":420,"column":59},"end":{"line":420,"column":60}},"loc":{"start":{"line":420,"column":73},"end":{"line":429,"column":null}}}},"branchMap":{"0":{"loc":{"start":{"line":25,"column":20},"end":{"line":28,"column":null}},"type":"if","locations":[{"start":{"line":25,"column":20},"end":{"line":28,"column":null}}]},"1":{"loc":{"start":{"line":37,"column":32},"end":{"line":41,"column":null}},"type":"if","locations":[{"start":{"line":37,"column":32},"end":{"line":41,"column":null}},{"start":{"line":39,"column":39},"end":{"line":41,"column":null}}]},"2":{"loc":{"start":{"line":68,"column":20},"end":{"line":71,"column":null}},"type":"if","locations":[{"start":{"line":68,"column":20},"end":{"line":71,"column":null}}]},"3":{"loc":{"start":{"line":72,"column":20},"end":{"line":75,"column":null}},"type":"if","locations":[{"start":{"line":72,"column":20},"end":{"line":75,"column":null}}]},"4":{"loc":{"start":{"line":72,"column":24},"end":{"line":72,"column":50}},"type":"binary-expr","locations":[{"start":{"line":72,"column":24},"end":{"line":72,"column":29}},{"start":{"line":72,"column":33},"end":{"line":72,"column":50}}]},"5":{"loc":{"start":{"line":117,"column":20},"end":{"line":120,"column":null}},"type":"if","locations":[{"start":{"line":117,"column":20},"end":{"line":120,"column":null}}]},"6":{"loc":{"start":{"line":121,"column":20},"end":{"line":124,"column":null}},"type":"if","locations":[{"start":{"line":121,"column":20},"end":{"line":124,"column":null}}]},"7":{"loc":{"start":{"line":121,"column":24},"end":{"line":121,"column":50}},"type":"binary-expr","locations":[{"start":{"line":121,"column":24},"end":{"line":121,"column":29}},{"start":{"line":121,"column":33},"end":{"line":121,"column":50}}]},"8":{"loc":{"start":{"line":130,"column":24},"end":{"line":142,"column":null}},"type":"if","locations":[{"start":{"line":130,"column":24},"end":{"line":142,"column":null}}]},"9":{"loc":{"start":{"line":146,"column":24},"end":{"line":146,"column":84}},"type":"cond-expr","locations":[{"start":{"line":146,"column":52},"end":{"line":146,"column":54}},{"start":{"line":146,"column":52},"end":{"line":146,"column":84}}]},"10":{"loc":{"start":{"line":146,"column":24},"end":{"line":146,"column":54}},"type":"binary-expr","locations":[{"start":{"line":146,"column":24},"end":{"line":146,"column":54}},{"start":{"line":146,"column":52},"end":{"line":146,"column":54}}]},"11":{"loc":{"start":{"line":170,"column":20},"end":{"line":173,"column":null}},"type":"if","locations":[{"start":{"line":170,"column":20},"end":{"line":173,"column":null}}]},"12":{"loc":{"start":{"line":212,"column":16},"end":{"line":216,"column":null}},"type":"if","locations":[{"start":{"line":212,"column":16},"end":{"line":216,"column":null}}]},"13":{"loc":{"start":{"line":220,"column":20},"end":{"line":224,"column":null}},"type":"if","locations":[{"start":{"line":220,"column":20},"end":{"line":224,"column":null}}]},"14":{"loc":{"start":{"line":231,"column":32},"end":{"line":235,"column":null}},"type":"if","locations":[{"start":{"line":231,"column":32},"end":{"line":235,"column":null}},{"start":{"line":233,"column":39},"end":{"line":235,"column":null}}]},"15":{"loc":{"start":{"line":259,"column":20},"end":{"line":259,"column":48}},"type":"if","locations":[{"start":{"line":259,"column":20},"end":{"line":259,"column":48}}]},"16":{"loc":{"start":{"line":260,"column":20},"end":{"line":260,"column":96}},"type":"if","locations":[{"start":{"line":260,"column":20},"end":{"line":260,"column":96}}]},"17":{"loc":{"start":{"line":260,"column":24},"end":{"line":260,"column":50}},"type":"binary-expr","locations":[{"start":{"line":260,"column":24},"end":{"line":260,"column":29}},{"start":{"line":260,"column":33},"end":{"line":260,"column":50}}]},"18":{"loc":{"start":{"line":269,"column":24},"end":{"line":269,"column":52}},"type":"if","locations":[{"start":{"line":269,"column":24},"end":{"line":269,"column":52}}]},"19":{"loc":{"start":{"line":271,"column":24},"end":{"line":271,"column":120}},"type":"if","locations":[{"start":{"line":271,"column":24},"end":{"line":271,"column":120}}]},"20":{"loc":{"start":{"line":271,"column":28},"end":{"line":271,"column":70}},"type":"binary-expr","locations":[{"start":{"line":271,"column":28},"end":{"line":271,"column":41}},{"start":{"line":271,"column":45},"end":{"line":271,"column":70}}]},"21":{"loc":{"start":{"line":275,"column":32},"end":{"line":275,"column":119}},"type":"binary-expr","locations":[{"start":{"line":275,"column":33},"end":{"line":275,"column":64}},{"start":{"line":275,"column":68},"end":{"line":275,"column":99}},{"start":{"line":275,"column":104},"end":{"line":275,"column":119}}]},"22":{"loc":{"start":{"line":286,"column":36},"end":{"line":286,"column":67}},"type":"if","locations":[{"start":{"line":286,"column":36},"end":{"line":286,"column":67}}]},"23":{"loc":{"start":{"line":288,"column":57},"end":{"line":290,"column":42}},"type":"cond-expr","locations":[{"start":{"line":288,"column":75},"end":{"line":289,"column":null}},{"start":{"line":290,"column":40},"end":{"line":290,"column":42}}]},"24":{"loc":{"start":{"line":330,"column":20},"end":{"line":333,"column":null}},"type":"if","locations":[{"start":{"line":330,"column":20},"end":{"line":333,"column":null}}]},"25":{"loc":{"start":{"line":334,"column":20},"end":{"line":337,"column":null}},"type":"if","locations":[{"start":{"line":334,"column":20},"end":{"line":337,"column":null}}]},"26":{"loc":{"start":{"line":357,"column":20},"end":{"line":360,"column":null}},"type":"if","locations":[{"start":{"line":357,"column":20},"end":{"line":360,"column":null}}]},"27":{"loc":{"start":{"line":361,"column":20},"end":{"line":364,"column":null}},"type":"if","locations":[{"start":{"line":361,"column":20},"end":{"line":364,"column":null}}]},"28":{"loc":{"start":{"line":365,"column":28},"end":{"line":365,"column":51}},"type":"cond-expr","locations":[{"start":{"line":365,"column":43},"end":{"line":365,"column":47}},{"start":{"line":365,"column":47},"end":{"line":365,"column":51}}]},"29":{"loc":{"start":{"line":365,"column":28},"end":{"line":365,"column":47}},"type":"binary-expr","locations":[{"start":{"line":365,"column":28},"end":{"line":365,"column":47}},{"start":{"line":365,"column":43},"end":{"line":365,"column":47}}]},"30":{"loc":{"start":{"line":384,"column":20},"end":{"line":387,"column":null}},"type":"if","locations":[{"start":{"line":384,"column":20},"end":{"line":387,"column":null}}]},"31":{"loc":{"start":{"line":388,"column":20},"end":{"line":391,"column":null}},"type":"if","locations":[{"start":{"line":388,"column":20},"end":{"line":391,"column":null}}]},"32":{"loc":{"start":{"line":412,"column":20},"end":{"line":415,"column":null}},"type":"if","locations":[{"start":{"line":412,"column":20},"end":{"line":415,"column":null}}]},"33":{"loc":{"start":{"line":416,"column":20},"end":{"line":419,"column":null}},"type":"if","locations":[{"start":{"line":416,"column":20},"end":{"line":419,"column":null}}]},"34":{"loc":{"start":{"line":416,"column":24},"end":{"line":416,"column":50}},"type":"binary-expr","locations":[{"start":{"line":416,"column":24},"end":{"line":416,"column":29}},{"start":{"line":416,"column":33},"end":{"line":416,"column":50}}]}},"s":{"0":1,"1":1,"2":1,"3":1,"4":5,"5":5,"6":5,"7":5,"8":4,"9":1,"10":1,"11":3,"12":3,"13":3,"14":6,"15":6,"16":6,"17":2,"18":4,"19":3,"20":1,"21":2,"22":1,"23":4,"24":4,"25":4,"26":4,"27":3,"28":1,"29":1,"30":2,"31":1,"32":1,"33":1,"34":1,"35":1,"36":2,"37":1,"38":1,"39":4,"40":4,"41":4,"42":4,"43":3,"44":1,"45":1,"46":2,"47":1,"48":1,"49":1,"50":1,"51":2,"52":2,"53":1,"54":2,"55":2,"56":1,"57":1,"58":1,"59":3,"60":3,"61":3,"62":3,"63":2,"64":1,"65":1,"66":1,"67":1,"68":1,"69":1,"70":1,"71":1,"72":1,"73":0,"74":0,"75":0,"76":1,"77":1,"78":1,"79":0,"80":0,"81":0,"82":1,"83":1,"84":2,"85":2,"86":2,"87":0,"88":2,"89":1,"90":1,"91":0,"92":0,"93":0,"94":0,"95":0,"96":0,"97":0,"98":0,"99":0,"100":0,"101":0,"102":0,"103":0,"104":0,"105":0,"106":0,"107":0,"108":0,"109":0,"110":0,"111":0,"112":0,"113":0,"114":0,"115":0,"116":0,"117":0,"118":0,"119":0,"120":0,"121":0,"122":0,"123":0,"124":0,"125":0,"126":0,"127":0,"128":0,"129":0,"130":0,"131":0,"132":0,"133":0,"134":0,"135":0,"136":0,"137":0,"138":0,"139":0,"140":0,"141":0,"142":0,"143":0,"144":0,"145":0,"146":0,"147":0,"148":0,"149":0,"150":0,"151":0,"152":0,"153":0,"154":0,"155":0,"156":0,"157":0,"158":0,"159":0,"160":0,"161":0,"162":0,"163":0,"164":0,"165":0,"166":0,"167":0,"168":0,"169":0,"170":0,"171":0,"172":0,"173":0,"174":0,"175":0,"176":0,"177":0,"178":1},"f":{"0":5,"1":5,"2":4,"3":6,"4":6,"5":6,"6":1,"7":2,"8":4,"9":4,"10":3,"11":2,"12":4,"13":4,"14":3,"15":2,"16":3,"17":3,"18":2,"19":1,"20":1,"21":1,"22":1,"23":2,"24":2,"25":2,"26":1,"27":0,"28":0,"29":0,"30":0,"31":0,"32":0,"33":0,"34":0,"35":0,"36":0,"37":0,"38":0,"39":0,"40":0,"41":0,"42":0,"43":0,"44":0,"45":0,"46":0,"47":0,"48":0,"49":0,"50":0,"51":0,"52":0,"53":0},"b":{"0":[1],"1":[2,4],"2":[1],"3":[1],"4":[2,1],"5":[1],"6":[1],"7":[2,1],"8":[1],"9":[0,2],"10":[2,2],"11":[1],"12":[0],"13":[0],"14":[0,2],"15":[0],"16":[0],"17":[0,0],"18":[0],"19":[0],"20":[0,0],"21":[0,0,0],"22":[0],"23":[0,0],"24":[0],"25":[0],"26":[0],"27":[0],"28":[0,0],"29":[0,0],"30":[0],"31":[0],"32":[0],"33":[0],"34":[0,0]}}
,"C:\\Users\\Lenovo\\Desktop\\Polito\\Software Engineering 2\\KirunaExplorer\\code\\server\\src\\db\\db.ts": {"path":"C:\\Users\\Lenovo\\Desktop\\Polito\\Software Engineering 2\\KirunaExplorer\\code\\server\\src\\db\\db.ts","statementMap":{"0":{"start":{"line":9,"column":15},"end":{"line":9,"column":33}},"1":{"start":{"line":16,"column":10},"end":{"line":16,"column":76}},"2":{"start":{"line":19,"column":19},"end":{"line":19,"column":75}},"3":{"start":{"line":22,"column":21},"end":{"line":25,"column":2}},"4":{"start":{"line":23,"column":4},"end":{"line":23,"column":null}},"5":{"start":{"line":23,"column":13},"end":{"line":23,"column":null}},"6":{"start":{"line":24,"column":4},"end":{"line":24,"column":null}},"7":{"start":{"line":27,"column":0},"end":{"line":27,"column":18}}},"fnMap":{"0":{"name":"(anonymous_0)","decl":{"start":{"line":22,"column":53},"end":{"line":22,"column":54}},"loc":{"start":{"line":22,"column":75},"end":{"line":25,"column":1}}}},"branchMap":{"0":{"loc":{"start":{"line":16,"column":10},"end":{"line":16,"column":76}},"type":"cond-expr","locations":[{"start":{"line":16,"column":33},"end":{"line":16,"column":60}},{"start":{"line":16,"column":63},"end":{"line":16,"column":76}}]},"1":{"loc":{"start":{"line":19,"column":19},"end":{"line":19,"column":75}},"type":"cond-expr","locations":[{"start":{"line":19,"column":36},"end":{"line":19,"column":56}},{"start":{"line":19,"column":59},"end":{"line":19,"column":75}}]},"2":{"loc":{"start":{"line":23,"column":4},"end":{"line":23,"column":null}},"type":"if","locations":[{"start":{"line":23,"column":4},"end":{"line":23,"column":null}}]}},"s":{"0":1,"1":1,"2":1,"3":1,"4":0,"5":0,"6":0,"7":1},"f":{"0":0},"b":{"0":[1,0],"1":[1,0],"2":[0]}}
,"C:\\Users\\Lenovo\\Desktop\\Polito\\Software Engineering 2\\KirunaExplorer\\code\\server\\src\\models\\document.ts": {"path":"C:\\Users\\Lenovo\\Desktop\\Polito\\Software Engineering 2\\KirunaExplorer\\code\\server\\src\\models\\document.ts","statementMap":{"0":{"start":{"line":40,"column":8},"end":{"line":40,"column":null}},"1":{"start":{"line":41,"column":8},"end":{"line":41,"column":null}},"2":{"start":{"line":42,"column":8},"end":{"line":42,"column":null}},"3":{"start":{"line":43,"column":8},"end":{"line":43,"column":null}},"4":{"start":{"line":44,"column":8},"end":{"line":44,"column":null}},"5":{"start":{"line":45,"column":8},"end":{"line":45,"column":null}},"6":{"start":{"line":46,"column":8},"end":{"line":46,"column":null}},"7":{"start":{"line":47,"column":8},"end":{"line":47,"column":null}},"8":{"start":{"line":48,"column":8},"end":{"line":48,"column":null}},"9":{"start":{"line":64,"column":9},"end":{"line":64,"column":17}},"10":{"start":{"line":55,"column":0},"end":{"line":55,"column":null}},"11":{"start":{"line":56,"column":4},"end":{"line":56,"column":null}},"12":{"start":{"line":57,"column":4},"end":{"line":57,"column":null}},"13":{"start":{"line":58,"column":4},"end":{"line":58,"column":null}},"14":{"start":{"line":59,"column":4},"end":{"line":59,"column":null}},"15":{"start":{"line":60,"column":4},"end":{"line":60,"column":null}},"16":{"start":{"line":64,"column":19},"end":{"line":64,"column":23}}},"fnMap":{"0":{"name":"(anonymous_0)","decl":{"start":{"line":29,"column":4},"end":{"line":29,"column":null}},"loc":{"start":{"line":38,"column":41},"end":{"line":49,"column":5}}},"1":{"name":"(anonymous_1)","decl":{"start":{"line":55,"column":0},"end":{"line":55,"column":5}},"loc":{"start":{"line":55,"column":9},"end":{"line":61,"column":1}}}},"branchMap":{"0":{"loc":{"start":{"line":36,"column":8},"end":{"line":36,"column":38}},"type":"default-arg","locations":[{"start":{"line":36,"column":34},"end":{"line":36,"column":38}}]},"1":{"loc":{"start":{"line":37,"column":8},"end":{"line":37,"column":35}},"type":"default-arg","locations":[{"start":{"line":37,"column":31},"end":{"line":37,"column":35}}]},"2":{"loc":{"start":{"line":38,"column":8},"end":{"line":38,"column":41}},"type":"default-arg","locations":[{"start":{"line":38,"column":37},"end":{"line":38,"column":41}}]},"3":{"loc":{"start":{"line":55,"column":5},"end":{"line":55,"column":null}},"type":"binary-expr","locations":[{"start":{"line":55,"column":5},"end":{"line":55,"column":9}},{"start":{"line":55,"column":5},"end":{"line":55,"column":null}}]}},"s":{"0":3,"1":3,"2":3,"3":3,"4":3,"5":3,"6":3,"7":3,"8":3,"9":1,"10":1,"11":1,"12":1,"13":1,"14":1,"15":1,"16":1},"f":{"0":3,"1":1},"b":{"0":[0],"1":[0],"2":[0],"3":[1,1]}}
,"C:\\Users\\Lenovo\\Desktop\\Polito\\Software Engineering 2\\KirunaExplorer\\code\\server\\src\\models\\document_link.ts": {"path":"C:\\Users\\Lenovo\\Desktop\\Polito\\Software Engineering 2\\KirunaExplorer\\code\\server\\src\\models\\document_link.ts","statementMap":{"0":{"start":{"line":42,"column":8},"end":{"line":42,"column":null}},"1":{"start":{"line":43,"column":8},"end":{"line":43,"column":null}},"2":{"start":{"line":44,"column":8},"end":{"line":44,"column":null}},"3":{"start":{"line":45,"column":8},"end":{"line":45,"column":null}},"4":{"start":{"line":46,"column":8},"end":{"line":46,"column":null}},"5":{"start":{"line":47,"column":8},"end":{"line":47,"column":null}},"6":{"start":{"line":48,"column":8},"end":{"line":48,"column":null}},"7":{"start":{"line":49,"column":8},"end":{"line":49,"column":null}},"8":{"start":{"line":50,"column":8},"end":{"line":50,"column":null}},"9":{"start":{"line":51,"column":8},"end":{"line":51,"column":null}},"10":{"start":{"line":66,"column":9},"end":{"line":66,"column":16}},"11":{"start":{"line":58,"column":0},"end":{"line":58,"column":null}},"12":{"start":{"line":59,"column":4},"end":{"line":59,"column":null}},"13":{"start":{"line":60,"column":4},"end":{"line":60,"column":null}},"14":{"start":{"line":61,"column":4},"end":{"line":61,"column":null}},"15":{"start":{"line":62,"column":4},"end":{"line":62,"column":null}},"16":{"start":{"line":63,"column":4},"end":{"line":63,"column":null}},"17":{"start":{"line":66,"column":18},"end":{"line":66,"column":22}}},"fnMap":{"0":{"name":"(anonymous_0)","decl":{"start":{"line":30,"column":4},"end":{"line":30,"column":null}},"loc":{"start":{"line":40,"column":27},"end":{"line":52,"column":5}}},"1":{"name":"(anonymous_1)","decl":{"start":{"line":58,"column":0},"end":{"line":58,"column":5}},"loc":{"start":{"line":58,"column":9},"end":{"line":64,"column":1}}}},"branchMap":{"0":{"loc":{"start":{"line":37,"column":8},"end":{"line":37,"column":38}},"type":"default-arg","locations":[{"start":{"line":37,"column":34},"end":{"line":37,"column":38}}]},"1":{"loc":{"start":{"line":38,"column":8},"end":{"line":38,"column":35}},"type":"default-arg","locations":[{"start":{"line":38,"column":31},"end":{"line":38,"column":35}}]},"2":{"loc":{"start":{"line":39,"column":8},"end":{"line":39,"column":41}},"type":"default-arg","locations":[{"start":{"line":39,"column":37},"end":{"line":39,"column":41}}]},"3":{"loc":{"start":{"line":58,"column":5},"end":{"line":58,"column":null}},"type":"binary-expr","locations":[{"start":{"line":58,"column":5},"end":{"line":58,"column":9}},{"start":{"line":58,"column":5},"end":{"line":58,"column":null}}]}},"s":{"0":0,"1":0,"2":0,"3":0,"4":0,"5":0,"6":0,"7":0,"8":0,"9":0,"10":1,"11":1,"12":1,"13":1,"14":1,"15":1,"16":1,"17":1},"f":{"0":0,"1":1},"b":{"0":[0],"1":[0],"2":[0],"3":[1,1]}}
,"C:\\Users\\Lenovo\\Desktop\\Polito\\Software Engineering 2\\KirunaExplorer\\code\\server\\src\\models\\stakeholder.ts": {"path":"C:\\Users\\Lenovo\\Desktop\\Polito\\Software Engineering 2\\KirunaExplorer\\code\\server\\src\\models\\stakeholder.ts","statementMap":{"0":{"start":{"line":21,"column":8},"end":{"line":21,"column":null}},"1":{"start":{"line":22,"column":8},"end":{"line":22,"column":null}},"2":{"start":{"line":23,"column":8},"end":{"line":23,"column":null}},"3":{"start":{"line":29,"column":9},"end":{"line":29,"column":20}}},"fnMap":{"0":{"name":"(anonymous_0)","decl":{"start":{"line":16,"column":4},"end":{"line":16,"column":null}},"loc":{"start":{"line":19,"column":24},"end":{"line":24,"column":5}}}},"branchMap":{},"s":{"0":6,"1":6,"2":6,"3":1},"f":{"0":6},"b":{}}
}
