{"C:\\Users\\stefa\\OneDrive\\Desktop\\Polito\\Software Engineering 2\\KirunaExplorer\\code\\server\\src\\dao\\documentDAO.ts": {"path":"C:\\Users\\stefa\\OneDrive\\Desktop\\Polito\\Software Engineering 2\\KirunaExplorer\\code\\server\\src\\dao\\documentDAO.ts","statementMap":{"0":{"start":{"line":1,"column":0},"end":{"line":1,"column":50}},"1":{"start":{"line":2,"column":0},"end":{"line":2,"column":25}},"2":{"start":{"line":3,"column":0},"end":{"line":3,"column":45}},"3":{"start":{"line":4,"column":0},"end":{"line":4,"column":51}},"4":{"start":{"line":5,"column":0},"end":{"line":5,"column":34}},"5":{"start":{"line":21,"column":8},"end":{"line":55,"column":11}},"6":{"start":{"line":22,"column":12},"end":{"line":54,"column":null}},"7":{"start":{"line":24,"column":28},"end":{"line":24,"column":144}},"8":{"start":{"line":25,"column":16},"end":{"line":51,"column":19}},"9":{"start":{"line":26,"column":20},"end":{"line":29,"column":null}},"10":{"start":{"line":27,"column":24},"end":{"line":27,"column":36}},"11":{"start":{"line":28,"column":24},"end":{"line":28,"column":31}},"12":{"start":{"line":31,"column":39},"end":{"line":31,"column":50}},"13":{"start":{"line":34,"column":43},"end":{"line":34,"column":121}},"14":{"start":{"line":35,"column":47},"end":{"line":44,"column":null}},"15":{"start":{"line":36,"column":24},"end":{"line":44,"column":26}},"16":{"start":{"line":37,"column":28},"end":{"line":43,"column":31}},"17":{"start":{"line":38,"column":32},"end":{"line":42,"column":null}},"18":{"start":{"line":39,"column":36},"end":{"line":39,"column":54}},"19":{"start":{"line":41,"column":36},"end":{"line":41,"column":52}},"20":{"start":{"line":48,"column":20},"end":{"line":50,"column":55}},"21":{"start":{"line":49,"column":36},"end":{"line":49,"column":45}},"22":{"start":{"line":50,"column":40},"end":{"line":50,"column":53}},"23":{"start":{"line":53,"column":16},"end":{"line":53,"column":30}},"24":{"start":{"line":64,"column":8},"end":{"line":103,"column":11}},"25":{"start":{"line":65,"column":12},"end":{"line":102,"column":null}},"26":{"start":{"line":66,"column":28},"end":{"line":66,"column":264}},"27":{"start":{"line":68,"column":16},"end":{"line":99,"column":19}},"28":{"start":{"line":69,"column":20},"end":{"line":72,"column":null}},"29":{"start":{"line":70,"column":24},"end":{"line":70,"column":36}},"30":{"start":{"line":71,"column":24},"end":{"line":71,"column":31}},"31":{"start":{"line":73,"column":20},"end":{"line":76,"column":null}},"32":{"start":{"line":74,"column":24},"end":{"line":74,"column":65}},"33":{"start":{"line":75,"column":24},"end":{"line":75,"column":31}},"34":{"start":{"line":79,"column":32},"end":{"line":79,"column":39}},"35":{"start":{"line":80,"column":47},"end":{"line":89,"column":null}},"36":{"start":{"line":92,"column":20},"end":{"line":96,"column":23}},"37":{"start":{"line":92,"column":60},"end":{"line":95,"column":null}},"38":{"start":{"line":98,"column":20},"end":{"line":98,"column":38}},"39":{"start":{"line":101,"column":16},"end":{"line":101,"column":30}},"40":{"start":{"line":112,"column":8},"end":{"line":156,"column":11}},"41":{"start":{"line":113,"column":12},"end":{"line":155,"column":null}},"42":{"start":{"line":114,"column":28},"end":{"line":114,"column":249}},"43":{"start":{"line":116,"column":16},"end":{"line":152,"column":19}},"44":{"start":{"line":117,"column":20},"end":{"line":120,"column":null}},"45":{"start":{"line":118,"column":24},"end":{"line":118,"column":36}},"46":{"start":{"line":119,"column":24},"end":{"line":119,"column":31}},"47":{"start":{"line":121,"column":20},"end":{"line":124,"column":null}},"48":{"start":{"line":122,"column":24},"end":{"line":122,"column":65}},"49":{"start":{"line":123,"column":24},"end":{"line":123,"column":31}},"50":{"start":{"line":127,"column":41},"end":{"line":127,"column":68}},"51":{"start":{"line":128,"column":20},"end":{"line":147,"column":23}},"52":{"start":{"line":129,"column":43},"end":{"line":129,"column":49}},"53":{"start":{"line":130,"column":24},"end":{"line":142,"column":null}},"54":{"start":{"line":131,"column":28},"end":{"line":141,"column":31}},"55":{"start":{"line":145,"column":44},"end":{"line":145,"column":127}},"56":{"start":{"line":146,"column":24},"end":{"line":146,"column":85}},"57":{"start":{"line":150,"column":38},"end":{"line":150,"column":71}},"58":{"start":{"line":151,"column":20},"end":{"line":151,"column":39}},"59":{"start":{"line":154,"column":16},"end":{"line":154,"column":30}},"60":{"start":{"line":166,"column":8},"end":{"line":179,"column":11}},"61":{"start":{"line":167,"column":12},"end":{"line":178,"column":null}},"62":{"start":{"line":168,"column":28},"end":{"line":168,"column":64}},"63":{"start":{"line":169,"column":16},"end":{"line":175,"column":19}},"64":{"start":{"line":170,"column":20},"end":{"line":173,"column":null}},"65":{"start":{"line":171,"column":24},"end":{"line":171,"column":36}},"66":{"start":{"line":172,"column":24},"end":{"line":172,"column":31}},"67":{"start":{"line":174,"column":20},"end":{"line":174,"column":30}},"68":{"start":{"line":177,"column":16},"end":{"line":177,"column":30}},"69":{"start":{"line":198,"column":8},"end":{"line":246,"column":11}},"70":{"start":{"line":199,"column":38},"end":{"line":199,"column":165}},"71":{"start":{"line":200,"column":27},"end":{"line":209,"column":14}},"72":{"start":{"line":211,"column":12},"end":{"line":245,"column":15}},"73":{"start":{"line":212,"column":16},"end":{"line":216,"column":null}},"74":{"start":{"line":213,"column":20},"end":{"line":213,"column":37}},"75":{"start":{"line":214,"column":20},"end":{"line":214,"column":32}},"76":{"start":{"line":215,"column":20},"end":{"line":215,"column":27}},"77":{"start":{"line":218,"column":46},"end":{"line":218,"column":104}},"78":{"start":{"line":219,"column":16},"end":{"line":244,"column":19}},"79":{"start":{"line":220,"column":20},"end":{"line":224,"column":null}},"80":{"start":{"line":221,"column":24},"end":{"line":221,"column":47}},"81":{"start":{"line":222,"column":24},"end":{"line":222,"column":42}},"82":{"start":{"line":223,"column":24},"end":{"line":223,"column":31}},"83":{"start":{"line":227,"column":49},"end":{"line":227,"column":129}},"84":{"start":{"line":228,"column":47},"end":{"line":237,"column":null}},"85":{"start":{"line":229,"column":24},"end":{"line":237,"column":26}},"86":{"start":{"line":230,"column":28},"end":{"line":236,"column":31}},"87":{"start":{"line":231,"column":32},"end":{"line":235,"column":null}},"88":{"start":{"line":232,"column":36},"end":{"line":232,"column":60}},"89":{"start":{"line":234,"column":36},"end":{"line":234,"column":52}},"90":{"start":{"line":241,"column":20},"end":{"line":243,"column":55}},"91":{"start":{"line":242,"column":36},"end":{"line":242,"column":45}},"92":{"start":{"line":243,"column":40},"end":{"line":243,"column":53}},"93":{"start":{"line":250,"column":8},"end":{"line":313,"column":11}},"94":{"start":{"line":251,"column":12},"end":{"line":312,"column":null}},"95":{"start":{"line":252,"column":28},"end":{"line":252,"column":214}},"96":{"start":{"line":254,"column":16},"end":{"line":309,"column":19}},"97":{"start":{"line":255,"column":20},"end":{"line":255,"column":48}},"98":{"start":{"line":255,"column":29},"end":{"line":255,"column":48}},"99":{"start":{"line":256,"column":20},"end":{"line":256,"column":96}},"100":{"start":{"line":256,"column":52},"end":{"line":256,"column":96}},"101":{"start":{"line":259,"column":40},"end":{"line":263,"column":23}},"102":{"start":{"line":259,"column":57},"end":{"line":263,"column":22}},"103":{"start":{"line":266,"column":45},"end":{"line":303,"column":22}},"104":{"start":{"line":267,"column":24},"end":{"line":302,"column":27}},"105":{"start":{"line":270,"column":43},"end":{"line":270,"column":81}},"106":{"start":{"line":271,"column":28},"end":{"line":301,"column":31}},"107":{"start":{"line":272,"column":32},"end":{"line":272,"column":63}},"108":{"start":{"line":272,"column":41},"end":{"line":272,"column":63}},"109":{"start":{"line":273,"column":32},"end":{"line":273,"column":101}},"110":{"start":{"line":273,"column":50},"end":{"line":273,"column":101}},"111":{"start":{"line":276,"column":56},"end":{"line":276,"column":203}},"112":{"start":{"line":277,"column":32},"end":{"line":300,"column":35}},"113":{"start":{"line":278,"column":36},"end":{"line":278,"column":67}},"114":{"start":{"line":278,"column":45},"end":{"line":278,"column":67}},"115":{"start":{"line":280,"column":36},"end":{"line":280,"column":59}},"116":{"start":{"line":282,"column":57},"end":{"line":284,"column":42}},"117":{"start":{"line":283,"column":40},"end":{"line":283,"column":132}},"118":{"start":{"line":287,"column":36},"end":{"line":298,"column":39}},"119":{"start":{"line":306,"column":20},"end":{"line":308,"column":39}},"120":{"start":{"line":307,"column":43},"end":{"line":307,"column":61}},"121":{"start":{"line":311,"column":16},"end":{"line":311,"column":30}},"122":{"start":{"line":324,"column":8},"end":{"line":341,"column":11}},"123":{"start":{"line":325,"column":12},"end":{"line":340,"column":null}},"124":{"start":{"line":326,"column":28},"end":{"line":326,"column":70}},"125":{"start":{"line":327,"column":16},"end":{"line":337,"column":19}},"126":{"start":{"line":328,"column":20},"end":{"line":331,"column":null}},"127":{"start":{"line":329,"column":24},"end":{"line":329,"column":36}},"128":{"start":{"line":330,"column":24},"end":{"line":330,"column":31}},"129":{"start":{"line":332,"column":20},"end":{"line":335,"column":null}},"130":{"start":{"line":333,"column":24},"end":{"line":333,"column":65}},"131":{"start":{"line":334,"column":24},"end":{"line":334,"column":31}},"132":{"start":{"line":336,"column":20},"end":{"line":336,"column":39}},"133":{"start":{"line":339,"column":16},"end":{"line":339,"column":30}},"134":{"start":{"line":351,"column":8},"end":{"line":368,"column":11}},"135":{"start":{"line":352,"column":12},"end":{"line":367,"column":null}},"136":{"start":{"line":353,"column":28},"end":{"line":353,"column":76}},"137":{"start":{"line":354,"column":16},"end":{"line":364,"column":19}},"138":{"start":{"line":355,"column":20},"end":{"line":358,"column":null}},"139":{"start":{"line":356,"column":24},"end":{"line":356,"column":36}},"140":{"start":{"line":357,"column":24},"end":{"line":357,"column":31}},"141":{"start":{"line":359,"column":20},"end":{"line":362,"column":null}},"142":{"start":{"line":360,"column":24},"end":{"line":360,"column":65}},"143":{"start":{"line":361,"column":24},"end":{"line":361,"column":31}},"144":{"start":{"line":363,"column":20},"end":{"line":363,"column":53}},"145":{"start":{"line":366,"column":16},"end":{"line":366,"column":30}},"146":{"start":{"line":378,"column":8},"end":{"line":396,"column":11}},"147":{"start":{"line":379,"column":12},"end":{"line":395,"column":null}},"148":{"start":{"line":380,"column":28},"end":{"line":380,"column":78}},"149":{"start":{"line":381,"column":16},"end":{"line":392,"column":19}},"150":{"start":{"line":382,"column":20},"end":{"line":385,"column":null}},"151":{"start":{"line":383,"column":24},"end":{"line":383,"column":36}},"152":{"start":{"line":384,"column":24},"end":{"line":384,"column":31}},"153":{"start":{"line":386,"column":20},"end":{"line":389,"column":null}},"154":{"start":{"line":387,"column":24},"end":{"line":387,"column":65}},"155":{"start":{"line":388,"column":24},"end":{"line":388,"column":31}},"156":{"start":{"line":391,"column":20},"end":{"line":391,"column":47}},"157":{"start":{"line":394,"column":16},"end":{"line":394,"column":30}},"158":{"start":{"line":407,"column":8},"end":{"line":441,"column":11}},"159":{"start":{"line":408,"column":12},"end":{"line":440,"column":null}},"160":{"start":{"line":409,"column":28},"end":{"line":409,"column":68}},"161":{"start":{"line":410,"column":16},"end":{"line":437,"column":19}},"162":{"start":{"line":411,"column":20},"end":{"line":414,"column":null}},"163":{"start":{"line":412,"column":24},"end":{"line":412,"column":36}},"164":{"start":{"line":413,"column":24},"end":{"line":413,"column":31}},"165":{"start":{"line":415,"column":20},"end":{"line":418,"column":null}},"166":{"start":{"line":416,"column":24},"end":{"line":416,"column":65}},"167":{"start":{"line":417,"column":24},"end":{"line":417,"column":31}},"168":{"start":{"line":420,"column":50},"end":{"line":434,"column":22}},"169":{"start":{"line":420,"column":73},"end":{"line":433,"column":null}},"170":{"start":{"line":423,"column":59},"end":{"line":426,"column":null}},"171":{"start":{"line":436,"column":20},"end":{"line":436,"column":39}},"172":{"start":{"line":439,"column":16},"end":{"line":439,"column":30}},"173":{"start":{"line":449,"column":8},"end":{"line":449,"column":19}}},"fnMap":{"0":{"name":"(anonymous_1)","decl":{"start":{"line":20,"column":4},"end":{"line":20,"column":15}},"loc":{"start":{"line":20,"column":173},"end":{"line":56,"column":5}}},"1":{"name":"(anonymous_2)","decl":{"start":{"line":21,"column":33},"end":{"line":21,"column":34}},"loc":{"start":{"line":21,"column":53},"end":{"line":55,"column":9}}},"2":{"name":"(anonymous_3)","decl":{"start":{"line":25,"column":94},"end":{"line":25,"column":104}},"loc":{"start":{"line":25,"column":121},"end":{"line":51,"column":17}}},"3":{"name":"(anonymous_4)","decl":{"start":{"line":35,"column":64},"end":{"line":35,"column":77}},"loc":{"start":{"line":36,"column":24},"end":{"line":44,"column":26}}},"4":{"name":"(anonymous_5)","decl":{"start":{"line":36,"column":42},"end":{"line":36,"column":43}},"loc":{"start":{"line":36,"column":74},"end":{"line":44,"column":25}}},"5":{"name":"(anonymous_6)","decl":{"start":{"line":37,"column":80},"end":{"line":37,"column":81}},"loc":{"start":{"line":37,"column":102},"end":{"line":43,"column":29}}},"6":{"name":"(anonymous_7)","decl":{"start":{"line":49,"column":30},"end":{"line":49,"column":33}},"loc":{"start":{"line":49,"column":36},"end":{"line":49,"column":45}}},"7":{"name":"(anonymous_8)","decl":{"start":{"line":50,"column":31},"end":{"line":50,"column":36}},"loc":{"start":{"line":50,"column":40},"end":{"line":50,"column":53}}},"8":{"name":"(anonymous_9)","decl":{"start":{"line":63,"column":4},"end":{"line":63,"column":19}},"loc":{"start":{"line":63,"column":30},"end":{"line":104,"column":5}}},"9":{"name":"(anonymous_10)","decl":{"start":{"line":64,"column":37},"end":{"line":64,"column":38}},"loc":{"start":{"line":64,"column":57},"end":{"line":103,"column":9}}},"10":{"name":"(anonymous_11)","decl":{"start":{"line":68,"column":34},"end":{"line":68,"column":35}},"loc":{"start":{"line":68,"column":69},"end":{"line":99,"column":17}}},"11":{"name":"(anonymous_12)","decl":{"start":{"line":92,"column":53},"end":{"line":92,"column":56}},"loc":{"start":{"line":92,"column":60},"end":{"line":95,"column":null}}},"12":{"name":"(anonymous_13)","decl":{"start":{"line":111,"column":4},"end":{"line":111,"column":19}},"loc":{"start":{"line":111,"column":19},"end":{"line":157,"column":5}}},"13":{"name":"(anonymous_14)","decl":{"start":{"line":112,"column":39},"end":{"line":112,"column":40}},"loc":{"start":{"line":112,"column":59},"end":{"line":156,"column":9}}},"14":{"name":"(anonymous_15)","decl":{"start":{"line":116,"column":32},"end":{"line":116,"column":33}},"loc":{"start":{"line":116,"column":67},"end":{"line":152,"column":17}}},"15":{"name":"(anonymous_16)","decl":{"start":{"line":128,"column":33},"end":{"line":128,"column":34}},"loc":{"start":{"line":128,"column":46},"end":{"line":147,"column":21}}},"16":{"name":"(anonymous_17)","decl":{"start":{"line":165,"column":4},"end":{"line":165,"column":18}},"loc":{"start":{"line":165,"column":29},"end":{"line":180,"column":5}}},"17":{"name":"(anonymous_18)","decl":{"start":{"line":166,"column":33},"end":{"line":166,"column":34}},"loc":{"start":{"line":166,"column":53},"end":{"line":179,"column":9}}},"18":{"name":"(anonymous_19)","decl":{"start":{"line":169,"column":34},"end":{"line":169,"column":35}},"loc":{"start":{"line":169,"column":56},"end":{"line":175,"column":17}}},"19":{"name":"(anonymous_20)","decl":{"start":{"line":196,"column":4},"end":{"line":196,"column":16}},"loc":{"start":{"line":196,"column":184},"end":{"line":247,"column":5}}},"20":{"name":"(anonymous_21)","decl":{"start":{"line":198,"column":33},"end":{"line":198,"column":34}},"loc":{"start":{"line":198,"column":53},"end":{"line":246,"column":9}}},"21":{"name":"(anonymous_22)","decl":{"start":{"line":211,"column":46},"end":{"line":211,"column":47}},"loc":{"start":{"line":211,"column":68},"end":{"line":245,"column":13}}},"22":{"name":"(anonymous_23)","decl":{"start":{"line":219,"column":52},"end":{"line":219,"column":53}},"loc":{"start":{"line":219,"column":80},"end":{"line":244,"column":17}}},"23":{"name":"(anonymous_24)","decl":{"start":{"line":228,"column":64},"end":{"line":228,"column":77}},"loc":{"start":{"line":229,"column":24},"end":{"line":237,"column":26}}},"24":{"name":"(anonymous_25)","decl":{"start":{"line":229,"column":42},"end":{"line":229,"column":43}},"loc":{"start":{"line":229,"column":74},"end":{"line":237,"column":25}}},"25":{"name":"(anonymous_26)","decl":{"start":{"line":230,"column":78},"end":{"line":230,"column":79}},"loc":{"start":{"line":230,"column":106},"end":{"line":236,"column":29}}},"26":{"name":"(anonymous_27)","decl":{"start":{"line":242,"column":30},"end":{"line":242,"column":33}},"loc":{"start":{"line":242,"column":36},"end":{"line":242,"column":45}}},"27":{"name":"(anonymous_28)","decl":{"start":{"line":243,"column":31},"end":{"line":243,"column":36}},"loc":{"start":{"line":243,"column":40},"end":{"line":243,"column":53}}},"28":{"name":"(anonymous_29)","decl":{"start":{"line":249,"column":4},"end":{"line":249,"column":24}},"loc":{"start":{"line":249,"column":35},"end":{"line":314,"column":5}}},"29":{"name":"(anonymous_30)","decl":{"start":{"line":250,"column":38},"end":{"line":250,"column":39}},"loc":{"start":{"line":250,"column":58},"end":{"line":313,"column":9}}},"30":{"name":"(anonymous_31)","decl":{"start":{"line":254,"column":38},"end":{"line":254,"column":39}},"loc":{"start":{"line":254,"column":73},"end":{"line":309,"column":17}}},"31":{"name":"(anonymous_32)","decl":{"start":{"line":259,"column":49},"end":{"line":259,"column":52}},"loc":{"start":{"line":259,"column":57},"end":{"line":263,"column":22}}},"32":{"name":"(anonymous_33)","decl":{"start":{"line":266,"column":61},"end":{"line":266,"column":62}},"loc":{"start":{"line":266,"column":99},"end":{"line":303,"column":21}}},"33":{"name":"(anonymous_34)","decl":{"start":{"line":267,"column":52},"end":{"line":267,"column":53}},"loc":{"start":{"line":267,"column":78},"end":{"line":302,"column":25}}},"34":{"name":"(anonymous_35)","decl":{"start":{"line":271,"column":52},"end":{"line":271,"column":53}},"loc":{"start":{"line":271,"column":92},"end":{"line":301,"column":29}}},"35":{"name":"(anonymous_36)","decl":{"start":{"line":277,"column":65},"end":{"line":277,"column":66}},"loc":{"start":{"line":277,"column":111},"end":{"line":300,"column":33}}},"36":{"name":"(anonymous_37)","decl":{"start":{"line":282,"column":95},"end":{"line":282,"column":109}},"loc":{"start":{"line":283,"column":40},"end":{"line":283,"column":132}}},"37":{"name":"(anonymous_38)","decl":{"start":{"line":307,"column":30},"end":{"line":307,"column":39}},"loc":{"start":{"line":307,"column":43},"end":{"line":307,"column":61}}},"38":{"name":"(anonymous_39)","decl":{"start":{"line":323,"column":4},"end":{"line":323,"column":24}},"loc":{"start":{"line":323,"column":35},"end":{"line":342,"column":5}}},"39":{"name":"(anonymous_40)","decl":{"start":{"line":324,"column":35},"end":{"line":324,"column":36}},"loc":{"start":{"line":324,"column":55},"end":{"line":341,"column":9}}},"40":{"name":"(anonymous_41)","decl":{"start":{"line":327,"column":34},"end":{"line":327,"column":35}},"loc":{"start":{"line":327,"column":66},"end":{"line":337,"column":17}}},"41":{"name":"(anonymous_42)","decl":{"start":{"line":350,"column":4},"end":{"line":350,"column":30}},"loc":{"start":{"line":350,"column":41},"end":{"line":369,"column":5}}},"42":{"name":"(anonymous_43)","decl":{"start":{"line":351,"column":42},"end":{"line":351,"column":43}},"loc":{"start":{"line":351,"column":62},"end":{"line":368,"column":9}}},"43":{"name":"(anonymous_44)","decl":{"start":{"line":354,"column":34},"end":{"line":354,"column":35}},"loc":{"start":{"line":354,"column":66},"end":{"line":364,"column":17}}},"44":{"name":"(anonymous_45)","decl":{"start":{"line":377,"column":4},"end":{"line":377,"column":31}},"loc":{"start":{"line":377,"column":42},"end":{"line":397,"column":5}}},"45":{"name":"(anonymous_46)","decl":{"start":{"line":378,"column":35},"end":{"line":378,"column":36}},"loc":{"start":{"line":378,"column":55},"end":{"line":396,"column":9}}},"46":{"name":"(anonymous_47)","decl":{"start":{"line":381,"column":34},"end":{"line":381,"column":35}},"loc":{"start":{"line":381,"column":66},"end":{"line":392,"column":17}}},"47":{"name":"(anonymous_48)","decl":{"start":{"line":406,"column":4},"end":{"line":406,"column":29}},"loc":{"start":{"line":406,"column":42},"end":{"line":442,"column":5}}},"48":{"name":"(anonymous_49)","decl":{"start":{"line":407,"column":39},"end":{"line":407,"column":40}},"loc":{"start":{"line":407,"column":59},"end":{"line":441,"column":9}}},"49":{"name":"(anonymous_50)","decl":{"start":{"line":410,"column":36},"end":{"line":410,"column":37}},"loc":{"start":{"line":410,"column":71},"end":{"line":437,"column":17}}},"50":{"name":"(anonymous_51)","decl":{"start":{"line":420,"column":59},"end":{"line":420,"column":60}},"loc":{"start":{"line":420,"column":73},"end":{"line":433,"column":null}}},"51":{"name":"(anonymous_52)","decl":{"start":{"line":423,"column":52},"end":{"line":423,"column":55}},"loc":{"start":{"line":423,"column":59},"end":{"line":426,"column":null}}}},"branchMap":{"0":{"loc":{"start":{"line":26,"column":20},"end":{"line":29,"column":null}},"type":"if","locations":[{"start":{"line":26,"column":20},"end":{"line":29,"column":null}}]},"1":{"loc":{"start":{"line":38,"column":32},"end":{"line":42,"column":null}},"type":"if","locations":[{"start":{"line":38,"column":32},"end":{"line":42,"column":null}},{"start":{"line":40,"column":39},"end":{"line":42,"column":null}}]},"2":{"loc":{"start":{"line":69,"column":20},"end":{"line":72,"column":null}},"type":"if","locations":[{"start":{"line":69,"column":20},"end":{"line":72,"column":null}}]},"3":{"loc":{"start":{"line":73,"column":20},"end":{"line":76,"column":null}},"type":"if","locations":[{"start":{"line":73,"column":20},"end":{"line":76,"column":null}}]},"4":{"loc":{"start":{"line":73,"column":24},"end":{"line":73,"column":50}},"type":"binary-expr","locations":[{"start":{"line":73,"column":24},"end":{"line":73,"column":29}},{"start":{"line":73,"column":33},"end":{"line":73,"column":50}}]},"5":{"loc":{"start":{"line":117,"column":20},"end":{"line":120,"column":null}},"type":"if","locations":[{"start":{"line":117,"column":20},"end":{"line":120,"column":null}}]},"6":{"loc":{"start":{"line":121,"column":20},"end":{"line":124,"column":null}},"type":"if","locations":[{"start":{"line":121,"column":20},"end":{"line":124,"column":null}}]},"7":{"loc":{"start":{"line":121,"column":24},"end":{"line":121,"column":50}},"type":"binary-expr","locations":[{"start":{"line":121,"column":24},"end":{"line":121,"column":29}},{"start":{"line":121,"column":33},"end":{"line":121,"column":50}}]},"8":{"loc":{"start":{"line":130,"column":24},"end":{"line":142,"column":null}},"type":"if","locations":[{"start":{"line":130,"column":24},"end":{"line":142,"column":null}}]},"9":{"loc":{"start":{"line":146,"column":24},"end":{"line":146,"column":84}},"type":"cond-expr","locations":[{"start":{"line":146,"column":52},"end":{"line":146,"column":54}},{"start":{"line":146,"column":52},"end":{"line":146,"column":84}}]},"10":{"loc":{"start":{"line":146,"column":24},"end":{"line":146,"column":54}},"type":"binary-expr","locations":[{"start":{"line":146,"column":24},"end":{"line":146,"column":54}},{"start":{"line":146,"column":52},"end":{"line":146,"column":54}}]},"11":{"loc":{"start":{"line":170,"column":20},"end":{"line":173,"column":null}},"type":"if","locations":[{"start":{"line":170,"column":20},"end":{"line":173,"column":null}}]},"12":{"loc":{"start":{"line":212,"column":16},"end":{"line":216,"column":null}},"type":"if","locations":[{"start":{"line":212,"column":16},"end":{"line":216,"column":null}}]},"13":{"loc":{"start":{"line":220,"column":20},"end":{"line":224,"column":null}},"type":"if","locations":[{"start":{"line":220,"column":20},"end":{"line":224,"column":null}}]},"14":{"loc":{"start":{"line":231,"column":32},"end":{"line":235,"column":null}},"type":"if","locations":[{"start":{"line":231,"column":32},"end":{"line":235,"column":null}},{"start":{"line":233,"column":39},"end":{"line":235,"column":null}}]},"15":{"loc":{"start":{"line":255,"column":20},"end":{"line":255,"column":48}},"type":"if","locations":[{"start":{"line":255,"column":20},"end":{"line":255,"column":48}}]},"16":{"loc":{"start":{"line":256,"column":20},"end":{"line":256,"column":96}},"type":"if","locations":[{"start":{"line":256,"column":20},"end":{"line":256,"column":96}}]},"17":{"loc":{"start":{"line":256,"column":24},"end":{"line":256,"column":50}},"type":"binary-expr","locations":[{"start":{"line":256,"column":24},"end":{"line":256,"column":29}},{"start":{"line":256,"column":33},"end":{"line":256,"column":50}}]},"18":{"loc":{"start":{"line":260,"column":28},"end":{"line":260,"column":88}},"type":"cond-expr","locations":[{"start":{"line":260,"column":53},"end":{"line":260,"column":69}},{"start":{"line":260,"column":72},"end":{"line":260,"column":88}}]},"19":{"loc":{"start":{"line":272,"column":32},"end":{"line":272,"column":63}},"type":"if","locations":[{"start":{"line":272,"column":32},"end":{"line":272,"column":63}}]},"20":{"loc":{"start":{"line":273,"column":32},"end":{"line":273,"column":101}},"type":"if","locations":[{"start":{"line":273,"column":32},"end":{"line":273,"column":101}}]},"21":{"loc":{"start":{"line":278,"column":36},"end":{"line":278,"column":67}},"type":"if","locations":[{"start":{"line":278,"column":36},"end":{"line":278,"column":67}}]},"22":{"loc":{"start":{"line":282,"column":57},"end":{"line":284,"column":42}},"type":"cond-expr","locations":[{"start":{"line":282,"column":75},"end":{"line":283,"column":null}},{"start":{"line":284,"column":40},"end":{"line":284,"column":42}}]},"23":{"loc":{"start":{"line":328,"column":20},"end":{"line":331,"column":null}},"type":"if","locations":[{"start":{"line":328,"column":20},"end":{"line":331,"column":null}}]},"24":{"loc":{"start":{"line":332,"column":20},"end":{"line":335,"column":null}},"type":"if","locations":[{"start":{"line":332,"column":20},"end":{"line":335,"column":null}}]},"25":{"loc":{"start":{"line":355,"column":20},"end":{"line":358,"column":null}},"type":"if","locations":[{"start":{"line":355,"column":20},"end":{"line":358,"column":null}}]},"26":{"loc":{"start":{"line":359,"column":20},"end":{"line":362,"column":null}},"type":"if","locations":[{"start":{"line":359,"column":20},"end":{"line":362,"column":null}}]},"27":{"loc":{"start":{"line":363,"column":28},"end":{"line":363,"column":51}},"type":"cond-expr","locations":[{"start":{"line":363,"column":43},"end":{"line":363,"column":47}},{"start":{"line":363,"column":47},"end":{"line":363,"column":51}}]},"28":{"loc":{"start":{"line":363,"column":28},"end":{"line":363,"column":47}},"type":"binary-expr","locations":[{"start":{"line":363,"column":28},"end":{"line":363,"column":47}},{"start":{"line":363,"column":43},"end":{"line":363,"column":47}}]},"29":{"loc":{"start":{"line":382,"column":20},"end":{"line":385,"column":null}},"type":"if","locations":[{"start":{"line":382,"column":20},"end":{"line":385,"column":null}}]},"30":{"loc":{"start":{"line":386,"column":20},"end":{"line":389,"column":null}},"type":"if","locations":[{"start":{"line":386,"column":20},"end":{"line":389,"column":null}}]},"31":{"loc":{"start":{"line":411,"column":20},"end":{"line":414,"column":null}},"type":"if","locations":[{"start":{"line":411,"column":20},"end":{"line":414,"column":null}}]},"32":{"loc":{"start":{"line":415,"column":20},"end":{"line":418,"column":null}},"type":"if","locations":[{"start":{"line":415,"column":20},"end":{"line":418,"column":null}}]},"33":{"loc":{"start":{"line":415,"column":24},"end":{"line":415,"column":50}},"type":"binary-expr","locations":[{"start":{"line":415,"column":24},"end":{"line":415,"column":29}},{"start":{"line":415,"column":33},"end":{"line":415,"column":50}}]}},"s":{"0":1,"1":1,"2":1,"3":1,"4":1,"5":5,"6":5,"7":5,"8":5,"9":4,"10":1,"11":1,"12":3,"13":3,"14":3,"15":6,"16":6,"17":6,"18":2,"19":4,"20":3,"21":1,"22":2,"23":1,"24":4,"25":4,"26":4,"27":4,"28":3,"29":1,"30":1,"31":2,"32":1,"33":1,"34":1,"35":1,"36":1,"37":2,"38":1,"39":1,"40":4,"41":4,"42":4,"43":4,"44":3,"45":1,"46":1,"47":2,"48":1,"49":1,"50":1,"51":1,"52":2,"53":2,"54":1,"55":2,"56":2,"57":1,"58":1,"59":1,"60":3,"61":3,"62":3,"63":3,"64":2,"65":1,"66":1,"67":1,"68":1,"69":6,"70":6,"71":6,"72":6,"73":5,"74":1,"75":1,"76":1,"77":4,"78":4,"79":4,"80":1,"81":1,"82":1,"83":3,"84":3,"85":6,"86":6,"87":6,"88":2,"89":4,"90":3,"91":1,"92":2,"93":9,"94":9,"95":9,"96":9,"97":8,"98":1,"99":7,"100":1,"101":6,"102":12,"103":6,"104":12,"105":12,"106":12,"107":11,"108":2,"109":9,"110":1,"111":8,"112":8,"113":8,"114":2,"115":6,"116":6,"117":6,"118":6,"119":6,"120":1,"121":1,"122":4,"123":4,"124":4,"125":4,"126":3,"127":1,"128":1,"129":2,"130":1,"131":1,"132":1,"133":1,"134":5,"135":5,"136":5,"137":5,"138":4,"139":1,"140":1,"141":3,"142":1,"143":1,"144":2,"145":1,"146":4,"147":4,"148":4,"149":4,"150":3,"151":1,"152":1,"153":2,"154":1,"155":1,"156":1,"157":1,"158":4,"159":4,"160":4,"161":4,"162":3,"163":1,"164":1,"165":2,"166":1,"167":1,"168":1,"169":1,"170":1,"171":1,"172":1,"173":1},"f":{"0":5,"1":5,"2":4,"3":6,"4":6,"5":6,"6":1,"7":2,"8":4,"9":4,"10":3,"11":2,"12":4,"13":4,"14":3,"15":2,"16":3,"17":3,"18":2,"19":6,"20":6,"21":5,"22":4,"23":6,"24":6,"25":6,"26":1,"27":2,"28":9,"29":9,"30":8,"31":12,"32":12,"33":12,"34":11,"35":8,"36":6,"37":1,"38":4,"39":4,"40":3,"41":5,"42":5,"43":4,"44":4,"45":4,"46":3,"47":4,"48":4,"49":3,"50":1,"51":1},"b":{"0":[1],"1":[2,4],"2":[1],"3":[1],"4":[2,1],"5":[1],"6":[1],"7":[2,1],"8":[1],"9":[0,2],"10":[2,2],"11":[1],"12":[1],"13":[1],"14":[2,4],"15":[1],"16":[1],"17":[7,7],"18":[12,0],"19":[2],"20":[1],"21":[2],"22":[6,0],"23":[1],"24":[1],"25":[1],"26":[1],"27":[1,1],"28":[2,1],"29":[1],"30":[1],"31":[1],"32":[1],"33":[2,1]}}
,"C:\\Users\\stefa\\OneDrive\\Desktop\\Polito\\Software Engineering 2\\KirunaExplorer\\code\\server\\src\\db\\db.ts": {"path":"C:\\Users\\stefa\\OneDrive\\Desktop\\Polito\\Software Engineering 2\\KirunaExplorer\\code\\server\\src\\db\\db.ts","statementMap":{"0":{"start":{"line":9,"column":15},"end":{"line":9,"column":33}},"1":{"start":{"line":16,"column":10},"end":{"line":16,"column":76}},"2":{"start":{"line":19,"column":19},"end":{"line":19,"column":75}},"3":{"start":{"line":22,"column":21},"end":{"line":25,"column":2}},"4":{"start":{"line":23,"column":4},"end":{"line":23,"column":null}},"5":{"start":{"line":23,"column":13},"end":{"line":23,"column":null}},"6":{"start":{"line":24,"column":4},"end":{"line":24,"column":null}},"7":{"start":{"line":27,"column":0},"end":{"line":27,"column":18}}},"fnMap":{"0":{"name":"(anonymous_0)","decl":{"start":{"line":22,"column":53},"end":{"line":22,"column":54}},"loc":{"start":{"line":22,"column":75},"end":{"line":25,"column":1}}}},"branchMap":{"0":{"loc":{"start":{"line":16,"column":10},"end":{"line":16,"column":76}},"type":"cond-expr","locations":[{"start":{"line":16,"column":33},"end":{"line":16,"column":60}},{"start":{"line":16,"column":63},"end":{"line":16,"column":76}}]},"1":{"loc":{"start":{"line":19,"column":19},"end":{"line":19,"column":75}},"type":"cond-expr","locations":[{"start":{"line":19,"column":36},"end":{"line":19,"column":56}},{"start":{"line":19,"column":59},"end":{"line":19,"column":75}}]},"2":{"loc":{"start":{"line":23,"column":4},"end":{"line":23,"column":null}},"type":"if","locations":[{"start":{"line":23,"column":4},"end":{"line":23,"column":null}}]}},"s":{"0":1,"1":1,"2":1,"3":1,"4":0,"5":0,"6":0,"7":1},"f":{"0":0},"b":{"0":[1,0],"1":[1,0],"2":[0]}}
,"C:\\Users\\stefa\\OneDrive\\Desktop\\Polito\\Software Engineering 2\\KirunaExplorer\\code\\server\\src\\models\\document.ts": {"path":"C:\\Users\\stefa\\OneDrive\\Desktop\\Polito\\Software Engineering 2\\KirunaExplorer\\code\\server\\src\\models\\document.ts","statementMap":{"0":{"start":{"line":40,"column":8},"end":{"line":40,"column":null}},"1":{"start":{"line":41,"column":8},"end":{"line":41,"column":null}},"2":{"start":{"line":42,"column":8},"end":{"line":42,"column":null}},"3":{"start":{"line":43,"column":8},"end":{"line":43,"column":null}},"4":{"start":{"line":44,"column":8},"end":{"line":44,"column":null}},"5":{"start":{"line":45,"column":8},"end":{"line":45,"column":null}},"6":{"start":{"line":46,"column":8},"end":{"line":46,"column":null}},"7":{"start":{"line":47,"column":8},"end":{"line":47,"column":null}},"8":{"start":{"line":48,"column":8},"end":{"line":48,"column":null}},"9":{"start":{"line":64,"column":9},"end":{"line":64,"column":17}},"10":{"start":{"line":55,"column":0},"end":{"line":55,"column":null}},"11":{"start":{"line":56,"column":4},"end":{"line":56,"column":null}},"12":{"start":{"line":57,"column":4},"end":{"line":57,"column":null}},"13":{"start":{"line":58,"column":4},"end":{"line":58,"column":null}},"14":{"start":{"line":59,"column":4},"end":{"line":59,"column":null}},"15":{"start":{"line":60,"column":4},"end":{"line":60,"column":null}},"16":{"start":{"line":64,"column":19},"end":{"line":64,"column":23}}},"fnMap":{"0":{"name":"(anonymous_0)","decl":{"start":{"line":29,"column":4},"end":{"line":29,"column":null}},"loc":{"start":{"line":38,"column":41},"end":{"line":49,"column":5}}},"1":{"name":"(anonymous_1)","decl":{"start":{"line":55,"column":0},"end":{"line":55,"column":5}},"loc":{"start":{"line":55,"column":9},"end":{"line":61,"column":1}}}},"branchMap":{"0":{"loc":{"start":{"line":36,"column":8},"end":{"line":36,"column":38}},"type":"default-arg","locations":[{"start":{"line":36,"column":34},"end":{"line":36,"column":38}}]},"1":{"loc":{"start":{"line":37,"column":8},"end":{"line":37,"column":35}},"type":"default-arg","locations":[{"start":{"line":37,"column":31},"end":{"line":37,"column":35}}]},"2":{"loc":{"start":{"line":38,"column":8},"end":{"line":38,"column":41}},"type":"default-arg","locations":[{"start":{"line":38,"column":37},"end":{"line":38,"column":41}}]},"3":{"loc":{"start":{"line":55,"column":5},"end":{"line":55,"column":null}},"type":"binary-expr","locations":[{"start":{"line":55,"column":5},"end":{"line":55,"column":9}},{"start":{"line":55,"column":5},"end":{"line":55,"column":null}}]}},"s":{"0":6,"1":6,"2":6,"3":6,"4":6,"5":6,"6":6,"7":6,"8":6,"9":1,"10":1,"11":1,"12":1,"13":1,"14":1,"15":1,"16":1},"f":{"0":6,"1":1},"b":{"0":[0],"1":[0],"2":[0],"3":[1,1]}}
,"C:\\Users\\stefa\\OneDrive\\Desktop\\Polito\\Software Engineering 2\\KirunaExplorer\\code\\server\\src\\models\\document_link.ts": {"path":"C:\\Users\\stefa\\OneDrive\\Desktop\\Polito\\Software Engineering 2\\KirunaExplorer\\code\\server\\src\\models\\document_link.ts","statementMap":{"0":{"start":{"line":43,"column":8},"end":{"line":43,"column":null}},"1":{"start":{"line":44,"column":8},"end":{"line":44,"column":null}},"2":{"start":{"line":45,"column":8},"end":{"line":45,"column":null}},"3":{"start":{"line":46,"column":8},"end":{"line":46,"column":null}},"4":{"start":{"line":47,"column":8},"end":{"line":47,"column":null}},"5":{"start":{"line":48,"column":8},"end":{"line":48,"column":null}},"6":{"start":{"line":49,"column":8},"end":{"line":49,"column":null}},"7":{"start":{"line":50,"column":8},"end":{"line":50,"column":null}},"8":{"start":{"line":51,"column":8},"end":{"line":51,"column":null}},"9":{"start":{"line":52,"column":8},"end":{"line":52,"column":null}},"10":{"start":{"line":67,"column":9},"end":{"line":67,"column":16}},"11":{"start":{"line":59,"column":0},"end":{"line":59,"column":null}},"12":{"start":{"line":60,"column":4},"end":{"line":60,"column":null}},"13":{"start":{"line":61,"column":4},"end":{"line":61,"column":null}},"14":{"start":{"line":62,"column":4},"end":{"line":62,"column":null}},"15":{"start":{"line":63,"column":4},"end":{"line":63,"column":null}},"16":{"start":{"line":64,"column":4},"end":{"line":64,"column":null}},"17":{"start":{"line":67,"column":18},"end":{"line":67,"column":22}}},"fnMap":{"0":{"name":"(anonymous_0)","decl":{"start":{"line":31,"column":4},"end":{"line":31,"column":null}},"loc":{"start":{"line":41,"column":25},"end":{"line":53,"column":5}}},"1":{"name":"(anonymous_1)","decl":{"start":{"line":59,"column":0},"end":{"line":59,"column":5}},"loc":{"start":{"line":59,"column":9},"end":{"line":65,"column":1}}}},"branchMap":{"0":{"loc":{"start":{"line":38,"column":8},"end":{"line":38,"column":38}},"type":"default-arg","locations":[{"start":{"line":38,"column":34},"end":{"line":38,"column":38}}]},"1":{"loc":{"start":{"line":39,"column":8},"end":{"line":39,"column":35}},"type":"default-arg","locations":[{"start":{"line":39,"column":31},"end":{"line":39,"column":35}}]},"2":{"loc":{"start":{"line":40,"column":8},"end":{"line":40,"column":41}},"type":"default-arg","locations":[{"start":{"line":40,"column":37},"end":{"line":40,"column":41}}]},"3":{"loc":{"start":{"line":59,"column":5},"end":{"line":59,"column":null}},"type":"binary-expr","locations":[{"start":{"line":59,"column":5},"end":{"line":59,"column":9}},{"start":{"line":59,"column":5},"end":{"line":59,"column":null}}]}},"s":{"0":8,"1":8,"2":8,"3":8,"4":8,"5":8,"6":8,"7":8,"8":8,"9":8,"10":1,"11":1,"12":1,"13":1,"14":1,"15":1,"16":1,"17":1},"f":{"0":8,"1":1},"b":{"0":[0],"1":[0],"2":[0],"3":[1,1]}}
,"C:\\Users\\stefa\\OneDrive\\Desktop\\Polito\\Software Engineering 2\\KirunaExplorer\\code\\server\\src\\models\\link.ts": {"path":"C:\\Users\\stefa\\OneDrive\\Desktop\\Polito\\Software Engineering 2\\KirunaExplorer\\code\\server\\src\\models\\link.ts","statementMap":{"0":{"start":{"line":6,"column":8},"end":{"line":6,"column":null}},"1":{"start":{"line":7,"column":8},"end":{"line":7,"column":null}},"2":{"start":{"line":10,"column":0},"end":{"line":10,"column":null}}},"fnMap":{"0":{"name":"(anonymous_0)","decl":{"start":{"line":5,"column":4},"end":{"line":5,"column":16}},"loc":{"start":{"line":5,"column":40},"end":{"line":8,"column":5}}}},"branchMap":{},"s":{"0":8,"1":8,"2":1},"f":{"0":8},"b":{}}
,"C:\\Users\\stefa\\OneDrive\\Desktop\\Polito\\Software Engineering 2\\KirunaExplorer\\code\\server\\src\\models\\stakeholder.ts": {"path":"C:\\Users\\stefa\\OneDrive\\Desktop\\Polito\\Software Engineering 2\\KirunaExplorer\\code\\server\\src\\models\\stakeholder.ts","statementMap":{"0":{"start":{"line":21,"column":8},"end":{"line":21,"column":null}},"1":{"start":{"line":22,"column":8},"end":{"line":22,"column":null}},"2":{"start":{"line":23,"column":8},"end":{"line":23,"column":null}},"3":{"start":{"line":29,"column":9},"end":{"line":29,"column":20}}},"fnMap":{"0":{"name":"(anonymous_0)","decl":{"start":{"line":16,"column":4},"end":{"line":16,"column":null}},"loc":{"start":{"line":19,"column":24},"end":{"line":24,"column":5}}}},"branchMap":{},"s":{"0":13,"1":13,"2":13,"3":1},"f":{"0":13},"b":{}}
}
