TN:
SF:index.ts
FN:19,(anonymous_1)
FNF:1
FNH:0
FNDA:0,(anonymous_1)
DA:1,4
DA:2,4
DA:3,4
DA:4,4
DA:6,4
DA:7,4
DA:9,4
DA:11,4
DA:15,4
DA:16,4
DA:18,4
DA:19,0
DA:20,0
DA:24,4
LF:14
LH:12
BRDA:18,0,0,0
BRF:1
BRH:0
end_of_record
TN:
SF:src\helper.ts
FN:16,(anonymous_0)
FN:20,(anonymous_1)
FN:32,(anonymous_2)
FN:33,(anonymous_3)
FNF:4
FNH:4
FNDA:273,(anonymous_0)
FNDA:192,(anonymous_1)
FNDA:4,(anonymous_2)
FNDA:33,(anonymous_3)
DA:1,4
DA:17,273
DA:18,273
DA:19,134
DA:20,134
DA:21,192
DA:23,134
DA:25,139
DA:33,4
DA:34,33
DA:42,4
LF:11
LH:11
BRDA:18,0,0,134
BRDA:34,1,0,33
BRDA:34,1,1,33
BRDA:35,2,0,33
BRDA:35,2,1,33
BRDA:36,3,0,33
BRDA:36,3,1,33
BRF:7
BRH:7
end_of_record
TN:
SF:src\routes.ts
FN:24,initRoutes
FNF:1
FNH:1
FNDA:4,initRoutes
DA:1,4
DA:2,4
DA:3,4
DA:4,4
DA:5,4
DA:6,4
DA:7,4
DA:8,4
DA:9,4
DA:12,4
DA:13,4
DA:25,4
DA:26,4
DA:27,4
DA:35,4
DA:36,4
DA:37,4
DA:38,4
DA:39,4
DA:40,4
DA:41,4
DA:43,4
DA:44,4
DA:45,4
DA:46,4
DA:47,4
DA:48,4
DA:50,4
DA:53,4
LF:29
LH:29
BRF:0
BRH:0
end_of_record
TN:
SF:src\utilities.ts
FN:11,(anonymous_0)
FN:19,(anonymous_1)
FN:27,(anonymous_2)
FNF:3
FNH:1
FNDA:75,(anonymous_0)
FNDA:0,(anonymous_1)
FNDA:0,(anonymous_2)
DA:1,4
DA:12,75
DA:20,0
DA:28,0
DA:33,4
LF:5
LH:3
BRF:0
BRH:0
end_of_record
TN:
SF:src\controllers\coordinatesController.ts
FN:8,(anonymous_0)
FN:16,(anonymous_1)
FN:26,(anonymous_2)
FN:36,(anonymous_3)
FN:45,(anonymous_4)
FNF:5
FNH:5
FNDA:7,(anonymous_0)
FNDA:17,(anonymous_1)
FNDA:34,(anonymous_2)
FNDA:11,(anonymous_3)
FNDA:8,(anonymous_4)
DA:2,6
DA:9,7
DA:17,17
DA:27,34
DA:37,11
DA:46,8
DA:51,6
LF:7
LH:7
BRF:0
BRH:0
end_of_record
TN:
SF:src\controllers\documentController.ts
FN:10,(anonymous_0)
FN:27,(anonymous_1)
FN:36,(anonymous_2)
FN:44,(anonymous_3)
FN:53,(anonymous_4)
FN:70,(anonymous_5)
FN:79,(anonymous_6)
FN:89,(anonymous_7)
FN:99,(anonymous_8)
FN:109,(anonymous_9)
FN:119,(anonymous_10)
FN:131,(anonymous_11)
FN:141,(anonymous_12)
FN:150,(anonymous_13)
FN:160,(anonymous_14)
FNF:15
FNH:15
FNDA:7,(anonymous_0)
FNDA:69,(anonymous_1)
FNDA:11,(anonymous_2)
FNDA:12,(anonymous_3)
FNDA:7,(anonymous_4)
FNDA:10,(anonymous_5)
FNDA:14,(anonymous_6)
FNDA:9,(anonymous_7)
FNDA:9,(anonymous_8)
FNDA:9,(anonymous_9)
FNDA:10,(anonymous_10)
FNDA:7,(anonymous_11)
FNDA:4,(anonymous_12)
FNDA:4,(anonymous_13)
FNDA:2,(anonymous_14)
DA:2,7
DA:11,7
DA:28,69
DA:37,11
DA:45,12
DA:54,7
DA:71,10
DA:80,14
DA:90,9
DA:100,9
DA:110,9
DA:120,10
DA:132,7
DA:142,4
DA:151,4
DA:161,2
DA:166,7
LF:17
LH:17
BRF:0
BRH:0
end_of_record
TN:
SF:src\controllers\linkController.ts
FN:7,(anonymous_7)
FN:18,(anonymous_8)
FN:29,(anonymous_10)
FN:41,(anonymous_12)
FN:49,(anonymous_14)
FNF:5
FNH:5
FNDA:12,(anonymous_7)
FNDA:2,(anonymous_8)
FNDA:2,(anonymous_10)
FNDA:2,(anonymous_12)
FNDA:2,(anonymous_14)
DA:1,6
DA:8,12
DA:19,2
DA:30,2
DA:42,2
DA:50,2
DA:54,6
LF:7
LH:7
BRF:0
BRH:0
end_of_record
TN:
SF:src\controllers\scaleController.ts
FN:7,(anonymous_7)
FN:15,(anonymous_8)
FN:24,(anonymous_10)
FNF:3
FNH:1
FNDA:4,(anonymous_7)
FNDA:0,(anonymous_8)
FNDA:0,(anonymous_10)
DA:1,4
DA:8,4
DA:16,0
DA:25,0
DA:31,4
LF:5
LH:3
BRF:0
BRH:0
end_of_record
TN:
SF:src\controllers\stakeholderController.ts
FN:7,(anonymous_0)
FN:15,(anonymous_1)
FN:25,(anonymous_2)
FNF:3
FNH:1
FNDA:4,(anonymous_0)
FNDA:0,(anonymous_1)
FNDA:0,(anonymous_2)
DA:1,4
DA:8,4
DA:16,0
DA:26,0
DA:30,4
LF:5
LH:3
BRF:0
BRH:0
end_of_record
TN:
SF:src\dao\coordinatesDAO.ts
FN:12,(anonymous_8)
FN:13,(anonymous_9)
FN:17,(anonymous_10)
FN:22,(anonymous_11)
FN:45,(anonymous_12)
FN:52,(anonymous_13)
FN:76,(anonymous_14)
FN:77,(anonymous_15)
FN:81,(anonymous_16)
FN:82,(anonymous_17)
FN:86,(anonymous_18)
FN:97,(anonymous_19)
FN:98,(anonymous_20)
FN:103,(anonymous_21)
FN:124,(anonymous_22)
FN:125,(anonymous_23)
FN:128,(anonymous_24)
FN:148,(anonymous_25)
FNF:18
FNH:18
FNDA:17,(anonymous_8)
FNDA:17,(anonymous_9)
FNDA:16,(anonymous_10)
FNDA:21,(anonymous_11)
FNDA:9,(anonymous_12)
FNDA:11,(anonymous_13)
FNDA:38,(anonymous_14)
FNDA:38,(anonymous_15)
FNDA:41,(anonymous_16)
FNDA:41,(anonymous_17)
FNDA:39,(anonymous_18)
FNDA:25,(anonymous_19)
FNDA:7,(anonymous_20)
FNDA:6,(anonymous_21)
FNDA:15,(anonymous_22)
FNDA:15,(anonymous_23)
FNDA:14,(anonymous_24)
FNDA:12,(anonymous_25)
DA:1,7
DA:2,7
DA:3,7
DA:4,7
DA:13,17
DA:14,17
DA:15,17
DA:17,17
DA:18,16
DA:19,12
DA:21,9
DA:22,9
DA:23,21
DA:24,21
DA:25,14
DA:42,21
DA:43,21
DA:45,21
DA:46,16
DA:47,16
DA:51,21
DA:52,20
DA:53,16
DA:54,16
DA:61,9
DA:62,9
DA:65,1
DA:77,38
DA:78,38
DA:79,38
DA:80,38
DA:81,32
DA:82,41
DA:83,41
DA:84,41
DA:86,41
DA:87,39
DA:88,7
DA:90,32
DA:96,32
DA:97,25
DA:98,7
DA:101,6
DA:103,6
DA:104,6
DA:105,1
DA:107,5
DA:112,0
DA:125,15
DA:126,15
DA:127,15
DA:128,15
DA:129,14
DA:131,7
DA:133,7
DA:138,1
DA:149,12
DA:150,12
DA:151,7
DA:153,6
DA:159,7
LF:61
LH:60
BRDA:18,0,0,4
BRDA:19,1,0,3
BRDA:19,2,0,12
BRDA:19,2,1,11
BRDA:24,3,0,14
BRDA:43,4,0,21
BRDA:45,5,0,16
BRDA:51,6,0,20
BRDA:51,7,0,21
BRDA:51,7,1,20
BRDA:51,7,2,14
BRDA:51,7,3,7
BRDA:52,8,0,16
BRDA:79,9,0,15
BRDA:79,9,1,23
BRDA:80,10,0,32
BRDA:80,10,1,6
BRDA:87,11,0,7
BRDA:87,11,1,32
BRDA:104,12,0,1
BRDA:104,12,1,5
BRDA:129,13,0,7
BRF:22
BRH:22
end_of_record
TN:
SF:src\dao\documentDAO.ts
FN:22,(anonymous_8)
FN:23,(anonymous_9)
FN:23,(anonymous_10)
FN:26,(anonymous_11)
FN:29,(anonymous_12)
FN:37,(anonymous_13)
FN:38,(anonymous_14)
FN:39,(anonymous_15)
FN:50,(anonymous_16)
FN:51,(anonymous_17)
FN:63,(anonymous_18)
FN:64,(anonymous_19)
FN:68,(anonymous_20)
FN:87,(anonymous_21)
FN:106,(anonymous_22)
FN:107,(anonymous_23)
FN:111,(anonymous_24)
FN:117,(anonymous_25)
FN:154,(anonymous_26)
FN:155,(anonymous_27)
FN:158,(anonymous_28)
FN:183,(anonymous_29)
FN:184,(anonymous_30)
FN:184,(anonymous_31)
FN:189,(anonymous_32)
FN:190,(anonymous_33)
FN:199,(anonymous_34)
FN:200,(anonymous_35)
FN:209,(anonymous_36)
FN:210,(anonymous_37)
FN:211,(anonymous_38)
FN:222,(anonymous_39)
FN:223,(anonymous_40)
FN:234,(anonymous_41)
FN:235,(anonymous_42)
FN:235,(anonymous_43)
FN:238,(anonymous_44)
FN:239,(anonymous_45)
FN:248,(anonymous_46)
FN:255,(anonymous_47)
FN:256,(anonymous_48)
FN:256,(anonymous_49)
FN:260,(anonymous_50)
FN:261,(anonymous_51)
FN:271,(anonymous_52)
FN:272,(anonymous_53)
FN:280,(anonymous_54)
FN:302,(anonymous_55)
FN:316,(anonymous_56)
FN:317,(anonymous_57)
FN:320,(anonymous_58)
FN:337,(anonymous_59)
FN:338,(anonymous_60)
FN:341,(anonymous_61)
FN:358,(anonymous_62)
FN:359,(anonymous_63)
FN:362,(anonymous_64)
FN:380,(anonymous_65)
FN:381,(anonymous_66)
FN:384,(anonymous_67)
FN:390,(anonymous_68)
FN:428,(anonymous_69)
FN:429,(anonymous_70)
FN:436,(anonymous_71)
FN:452,(anonymous_72)
FN:453,(anonymous_73)
FN:456,(anonymous_74)
FN:474,(anonymous_75)
FN:475,(anonymous_76)
FN:478,(anonymous_77)
FN:483,(anonymous_78)
FN:507,(anonymous_79)
FN:508,(anonymous_80)
FN:511,(anonymous_81)
FNF:74
FNH:74
FNDA:69,(anonymous_8)
FNDA:69,(anonymous_9)
FNDA:69,(anonymous_10)
FNDA:69,(anonymous_11)
FNDA:68,(anonymous_12)
FNDA:90,(anonymous_13)
FNDA:90,(anonymous_14)
FNDA:90,(anonymous_15)
FNDA:62,(anonymous_16)
FNDA:2,(anonymous_17)
FNDA:11,(anonymous_18)
FNDA:11,(anonymous_19)
FNDA:10,(anonymous_20)
FNDA:9,(anonymous_21)
FNDA:12,(anonymous_22)
FNDA:12,(anonymous_23)
FNDA:11,(anonymous_24)
FNDA:12,(anonymous_25)
FNDA:7,(anonymous_26)
FNDA:7,(anonymous_27)
FNDA:6,(anonymous_28)
FNDA:10,(anonymous_29)
FNDA:10,(anonymous_30)
FNDA:10,(anonymous_31)
FNDA:10,(anonymous_32)
FNDA:9,(anonymous_33)
FNDA:6,(anonymous_34)
FNDA:6,(anonymous_35)
FNDA:9,(anonymous_36)
FNDA:9,(anonymous_37)
FNDA:9,(anonymous_38)
FNDA:3,(anonymous_39)
FNDA:2,(anonymous_40)
FNDA:14,(anonymous_41)
FNDA:14,(anonymous_42)
FNDA:14,(anonymous_43)
FNDA:14,(anonymous_44)
FNDA:13,(anonymous_45)
FNDA:14,(anonymous_46)
FNDA:14,(anonymous_47)
FNDA:14,(anonymous_48)
FNDA:14,(anonymous_49)
FNDA:14,(anonymous_50)
FNDA:13,(anonymous_51)
FNDA:10,(anonymous_52)
FNDA:10,(anonymous_53)
FNDA:8,(anonymous_54)
FNDA:5,(anonymous_55)
FNDA:9,(anonymous_56)
FNDA:9,(anonymous_57)
FNDA:8,(anonymous_58)
FNDA:10,(anonymous_59)
FNDA:10,(anonymous_60)
FNDA:9,(anonymous_61)
FNDA:9,(anonymous_62)
FNDA:9,(anonymous_63)
FNDA:8,(anonymous_64)
FNDA:10,(anonymous_65)
FNDA:10,(anonymous_66)
FNDA:9,(anonymous_67)
FNDA:7,(anonymous_68)
FNDA:7,(anonymous_69)
FNDA:7,(anonymous_70)
FNDA:7,(anonymous_71)
FNDA:4,(anonymous_72)
FNDA:4,(anonymous_73)
FNDA:4,(anonymous_74)
FNDA:3,(anonymous_75)
FNDA:3,(anonymous_76)
FNDA:3,(anonymous_77)
FNDA:2,(anonymous_78)
FNDA:3,(anonymous_79)
FNDA:3,(anonymous_80)
FNDA:3,(anonymous_81)
DA:1,8
DA:2,8
DA:3,8
DA:4,8
DA:5,8
DA:6,8
DA:23,69
DA:24,69
DA:26,69
DA:27,69
DA:29,69
DA:30,68
DA:32,64
DA:36,64
DA:37,64
DA:38,90
DA:39,90
DA:40,90
DA:41,88
DA:46,64
DA:49,64
DA:50,62
DA:51,2
DA:53,5
DA:64,11
DA:65,11
DA:66,11
DA:68,11
DA:69,10
DA:70,7
DA:73,5
DA:74,5
DA:87,9
DA:93,5
DA:96,1
DA:107,12
DA:108,12
DA:109,12
DA:111,12
DA:112,11
DA:113,8
DA:116,5
DA:117,5
DA:118,12
DA:119,12
DA:120,8
DA:134,12
DA:135,12
DA:139,5
DA:140,5
DA:143,1
DA:155,7
DA:156,7
DA:157,7
DA:158,7
DA:159,6
DA:161,3
DA:164,1
DA:184,10
DA:185,10
DA:187,10
DA:188,10
DA:189,10
DA:190,10
DA:191,9
DA:193,6
DA:198,6
DA:199,6
DA:200,6
DA:201,6
DA:203,5
DA:208,5
DA:209,5
DA:210,9
DA:211,9
DA:212,9
DA:213,7
DA:218,5
DA:221,5
DA:222,3
DA:223,2
DA:225,5
DA:235,14
DA:236,14
DA:237,14
DA:238,14
DA:239,14
DA:240,13
DA:241,10
DA:243,8
DA:248,14
DA:255,10
DA:256,14
DA:259,14
DA:260,14
DA:261,14
DA:262,13
DA:263,11
DA:265,10
DA:270,10
DA:271,10
DA:272,10
DA:273,10
DA:275,8
DA:280,8
DA:281,8
DA:285,8
DA:301,10
DA:302,5
DA:305,4
DA:317,9
DA:318,9
DA:319,9
DA:320,9
DA:321,8
DA:322,5
DA:324,3
DA:327,1
DA:338,10
DA:339,10
DA:340,10
DA:341,10
DA:342,9
DA:343,6
DA:345,4
DA:348,1
DA:359,9
DA:360,9
DA:361,9
DA:362,9
DA:363,8
DA:364,5
DA:366,3
DA:369,1
DA:381,10
DA:382,10
DA:383,10
DA:384,10
DA:385,9
DA:386,6
DA:389,3
DA:390,3
DA:391,7
DA:392,7
DA:393,5
DA:407,7
DA:408,7
DA:412,3
DA:413,3
DA:416,1
DA:429,7
DA:430,7
DA:432,7
DA:435,7
DA:436,7
DA:437,7
DA:438,3
DA:441,0
DA:453,4
DA:454,4
DA:455,4
DA:456,4
DA:457,4
DA:458,2
DA:461,1
DA:464,0
DA:475,3
DA:476,3
DA:477,3
DA:478,3
DA:479,3
DA:480,2
DA:482,1
DA:483,1
DA:485,2
DA:486,2
DA:487,2
DA:488,2
DA:489,2
DA:490,2
DA:493,1
DA:496,0
DA:508,3
DA:509,3
DA:510,3
DA:511,3
DA:512,3
DA:513,2
DA:516,0
DA:523,8
LF:190
LH:186
BRDA:30,0,0,4
BRDA:40,1,0,2
BRDA:40,1,1,88
BRDA:69,2,0,3
BRDA:70,3,0,2
BRDA:70,4,0,7
BRDA:70,4,1,6
BRDA:112,5,0,3
BRDA:113,6,0,3
BRDA:113,7,0,8
BRDA:113,7,1,7
BRDA:119,8,0,8
BRDA:135,9,0,0
BRDA:135,9,1,12
BRDA:135,10,0,12
BRDA:135,10,1,12
BRDA:159,11,0,3
BRDA:191,12,0,3
BRDA:201,13,0,1
BRDA:212,14,0,2
BRDA:212,14,1,7
BRDA:240,15,0,3
BRDA:241,16,0,2
BRDA:241,17,0,10
BRDA:241,17,1,10
BRDA:249,18,0,14
BRDA:249,18,1,0
BRDA:262,19,0,2
BRDA:263,20,0,1
BRDA:273,21,0,2
BRDA:280,22,0,8
BRDA:280,22,1,0
BRDA:321,23,0,3
BRDA:322,24,0,2
BRDA:342,25,0,3
BRDA:343,26,0,2
BRDA:345,27,0,3
BRDA:345,27,1,1
BRDA:345,28,0,4
BRDA:345,28,1,3
BRDA:363,29,0,3
BRDA:364,30,0,2
BRDA:385,31,0,3
BRDA:386,32,0,3
BRDA:386,33,0,6
BRDA:386,33,1,5
BRDA:392,34,0,5
BRDA:408,35,0,0
BRDA:408,35,1,7
BRDA:408,36,0,7
BRDA:408,36,1,7
BRDA:437,37,0,4
BRDA:457,38,0,2
BRDA:458,39,0,1
BRDA:479,40,0,1
BRDA:480,41,0,1
BRDA:480,42,0,2
BRDA:480,42,1,2
BRDA:512,43,0,1
BRF:59
BRH:55
end_of_record
TN:
SF:src\dao\linkDAO.ts
FN:6,(anonymous_8)
FN:7,(anonymous_9)
FN:7,(anonymous_10)
FN:10,(anonymous_11)
FN:11,(anonymous_12)
FN:20,(anonymous_13)
FN:31,(anonymous_14)
FN:32,(anonymous_15)
FN:35,(anonymous_16)
FN:46,(anonymous_17)
FN:47,(anonymous_18)
FN:47,(anonymous_19)
FN:52,(anonymous_20)
FN:53,(anonymous_21)
FN:63,(anonymous_22)
FN:64,(anonymous_23)
FN:74,(anonymous_24)
FN:85,(anonymous_25)
FN:86,(anonymous_26)
FN:89,(anonymous_27)
FN:93,(anonymous_28)
FNF:21
FNH:19
FNDA:6,(anonymous_8)
FNDA:6,(anonymous_9)
FNDA:6,(anonymous_10)
FNDA:6,(anonymous_11)
FNDA:6,(anonymous_12)
FNDA:4,(anonymous_13)
FNDA:3,(anonymous_14)
FNDA:3,(anonymous_15)
FNDA:2,(anonymous_16)
FNDA:4,(anonymous_17)
FNDA:4,(anonymous_18)
FNDA:4,(anonymous_19)
FNDA:4,(anonymous_20)
FNDA:4,(anonymous_21)
FNDA:1,(anonymous_22)
FNDA:0,(anonymous_23)
FNDA:0,(anonymous_24)
FNDA:3,(anonymous_25)
FNDA:3,(anonymous_26)
FNDA:3,(anonymous_27)
FNDA:2,(anonymous_28)
DA:1,6
DA:2,6
DA:3,6
DA:7,6
DA:8,6
DA:9,6
DA:10,6
DA:11,6
DA:12,6
DA:13,5
DA:15,4
DA:19,4
DA:20,4
DA:21,4
DA:23,3
DA:26,2
DA:32,3
DA:33,3
DA:34,3
DA:35,3
DA:36,2
DA:38,1
DA:41,1
DA:47,4
DA:48,4
DA:50,4
DA:52,4
DA:53,4
DA:54,4
DA:55,3
DA:57,1
DA:62,1
DA:63,1
DA:64,1
DA:65,0
DA:66,0
DA:68,0
DA:73,0
DA:74,0
DA:75,0
DA:77,0
DA:80,3
DA:86,3
DA:87,3
DA:88,3
DA:89,3
DA:90,3
DA:91,2
DA:93,2
DA:94,1
DA:97,0
DA:103,6
LF:52
LH:44
BRDA:12,0,0,1
BRDA:13,1,0,1
BRDA:13,2,0,5
BRDA:13,2,1,5
BRDA:21,3,0,1
BRDA:36,4,0,1
BRDA:54,5,0,1
BRDA:55,6,0,2
BRDA:55,7,0,3
BRDA:55,7,1,3
BRDA:65,8,0,0
BRDA:66,9,0,0
BRDA:66,10,0,0
BRDA:66,10,1,0
BRDA:75,11,0,0
BRDA:90,12,0,1
BRDA:91,13,0,1
BRDA:91,14,0,2
BRDA:91,14,1,2
BRF:19
BRH:14
end_of_record
TN:
SF:src\dao\scaleDAO.ts
FN:7,(anonymous_1)
FN:8,(anonymous_2)
FN:11,(anonymous_3)
FN:15,(anonymous_4)
FN:24,(anonymous_5)
FN:25,(anonymous_6)
FN:28,(anonymous_7)
FNF:7
FNH:0
FNDA:0,(anonymous_1)
FNDA:0,(anonymous_2)
FNDA:0,(anonymous_3)
FNDA:0,(anonymous_4)
FNDA:0,(anonymous_5)
FNDA:0,(anonymous_6)
FNDA:0,(anonymous_7)
DA:2,4
DA:3,4
DA:4,4
DA:8,0
DA:9,0
DA:10,0
DA:11,0
DA:12,0
DA:13,0
DA:15,0
DA:16,0
DA:19,0
DA:25,0
DA:26,0
DA:27,0
DA:28,0
DA:29,0
DA:30,0
DA:33,0
DA:39,4
LF:20
LH:4
BRDA:12,0,0,0
BRDA:13,1,0,0
BRDA:13,2,0,0
BRDA:13,2,1,0
BRDA:29,3,0,0
BRF:5
BRH:0
end_of_record
TN:
SF:src\dao\stakeholderDAO.ts
FN:11,(anonymous_1)
FN:12,(anonymous_2)
FN:18,(anonymous_3)
FN:23,(anonymous_4)
FN:45,(anonymous_5)
FN:46,(anonymous_6)
FN:50,(anonymous_7)
FNF:7
FNH:0
FNDA:0,(anonymous_1)
FNDA:0,(anonymous_2)
FNDA:0,(anonymous_3)
FNDA:0,(anonymous_4)
FNDA:0,(anonymous_5)
FNDA:0,(anonymous_6)
FNDA:0,(anonymous_7)
DA:1,4
DA:2,4
DA:3,4
DA:12,0
DA:13,0
DA:15,0
DA:18,0
DA:19,0
DA:20,0
DA:23,0
DA:30,0
DA:33,0
DA:46,0
DA:47,0
DA:49,0
DA:50,0
DA:51,0
DA:52,0
DA:55,0
DA:64,4
LF:20
LH:4
BRDA:19,0,0,0
BRDA:20,1,0,0
BRDA:20,2,0,0
BRDA:20,2,1,0
BRDA:51,3,0,0
BRF:5
BRH:0
end_of_record
TN:
SF:src\dao\userDAO.ts
FN:18,(anonymous_1)
FN:19,(anonymous_2)
FN:24,(anonymous_3)
FN:45,(anonymous_4)
FN:46,(anonymous_5)
FN:53,(anonymous_6)
FN:78,(anonymous_7)
FN:79,(anonymous_8)
FN:81,(anonymous_9)
FNF:9
FNH:6
FNDA:0,(anonymous_1)
FNDA:0,(anonymous_2)
FNDA:0,(anonymous_3)
FNDA:76,(anonymous_4)
FNDA:76,(anonymous_5)
FNDA:76,(anonymous_6)
FNDA:220,(anonymous_7)
FNDA:220,(anonymous_8)
FNDA:220,(anonymous_9)
DA:1,4
DA:2,4
DA:3,4
DA:4,4
DA:19,0
DA:20,0
DA:21,0
DA:22,0
DA:23,0
DA:24,0
DA:25,0
DA:26,0
DA:27,0
DA:30,0
DA:33,0
DA:46,76
DA:47,76
DA:52,76
DA:53,76
DA:54,76
DA:56,76
DA:59,76
DA:60,76
DA:62,76
DA:64,76
DA:67,0
DA:79,220
DA:80,220
DA:81,220
DA:82,220
DA:83,220
DA:85,220
DA:86,220
DA:93,4
LF:34
LH:22
BRDA:25,0,0,0
BRDA:26,1,0,0
BRDA:54,2,0,0
BRDA:56,3,0,0
BRDA:56,4,0,76
BRDA:56,4,1,76
BRDA:56,4,2,76
BRDA:62,5,0,0
BRDA:82,6,0,0
BRDA:83,7,0,0
BRF:10
BRH:3
end_of_record
TN:
SF:src\db\cleanup.ts
FN:5,cleanup
FN:7,clearTable
FN:8,(anonymous_11)
FN:9,(anonymous_12)
FNF:4
FNH:4
FNDA:160,cleanup
FNDA:1440,clearTable
FNDA:1440,(anonymous_11)
FNDA:1440,(anonymous_12)
DA:3,4
DA:5,4
DA:8,1440
DA:9,1440
DA:10,1440
DA:11,0
DA:13,1440
DA:18,160
DA:20,160
DA:21,160
DA:22,160
DA:23,160
DA:24,160
DA:25,160
DA:26,160
DA:27,160
DA:28,160
DA:32,0
LF:18
LH:16
BRDA:10,0,0,0
BRF:1
BRH:0
end_of_record
TN:
SF:src\db\db.ts
FN:22,(anonymous_0)
FNF:1
FNH:1
FNDA:10,(anonymous_0)
DA:9,14
DA:16,14
DA:19,14
DA:22,14
DA:23,10
DA:24,10
DA:27,14
LF:7
LH:7
BRDA:16,0,0,14
BRDA:16,0,1,0
BRDA:19,1,0,14
BRDA:19,1,1,0
BRDA:23,2,0,0
BRF:5
BRH:2
end_of_record
TN:
SF:src\db\setup.ts
FN:5,setup
FN:7,runQuery
FN:8,(anonymous_11)
FN:9,(anonymous_12)
FNF:4
FNH:4
FNDA:4,setup
FNDA:32,runQuery
FNDA:32,(anonymous_11)
FNDA:32,(anonymous_12)
DA:3,4
DA:5,4
DA:8,32
DA:9,32
DA:10,32
DA:11,0
DA:13,32
DA:18,4
DA:20,4
DA:32,4
DA:38,4
DA:45,4
DA:55,4
DA:63,4
DA:73,4
DA:84,4
DA:95,4
DA:97,0
DA:98,0
LF:19
LH:16
BRDA:10,0,0,0
BRF:1
BRH:0
end_of_record
TN:
SF:src\errors\coordinates.ts
FN:5,(anonymous_0)
FN:17,(anonymous_1)
FNF:2
FNH:2
FNDA:11,(anonymous_0)
FNDA:3,(anonymous_1)
DA:6,11
DA:8,11
DA:9,11
DA:18,3
DA:20,3
DA:21,3
DA:25,4
LF:7
LH:7
BRF:0
BRH:0
end_of_record
TN:
SF:src\errors\document.ts
FN:5,(anonymous_0)
FNF:1
FNH:1
FNDA:16,(anonymous_0)
DA:6,16
DA:8,16
DA:9,16
DA:13,9
LF:4
LH:4
BRF:0
BRH:0
end_of_record
TN:
SF:src\errors\link.ts
FN:5,(anonymous_0)
FN:17,(anonymous_1)
FNF:2
FNH:2
FNDA:1,(anonymous_0)
FNDA:3,(anonymous_1)
DA:6,1
DA:8,1
DA:9,1
DA:18,3
DA:20,3
DA:21,3
DA:25,6
LF:7
LH:7
BRF:0
BRH:0
end_of_record
TN:
SF:src\errors\scale.ts
FN:5,(anonymous_0)
FN:17,(anonymous_1)
FNF:2
FNH:0
FNDA:0,(anonymous_0)
FNDA:0,(anonymous_1)
DA:6,0
DA:8,0
DA:9,0
DA:18,0
DA:20,0
DA:21,0
DA:25,4
LF:7
LH:1
BRF:0
BRH:0
end_of_record
TN:
SF:src\errors\stakeholder.ts
FN:5,(anonymous_0)
FNF:1
FNH:0
FNDA:0,(anonymous_0)
DA:6,0
DA:8,0
DA:9,0
DA:14,4
LF:4
LH:1
BRF:0
BRH:0
end_of_record
TN:
SF:src\errors\user.ts
FN:5,(anonymous_0)
FN:17,(anonymous_1)
FNF:2
FNH:0
FNDA:0,(anonymous_0)
FNDA:0,(anonymous_1)
DA:6,0
DA:8,0
DA:9,0
DA:18,0
DA:20,0
DA:21,0
DA:25,4
LF:7
LH:1
BRF:0
BRH:0
end_of_record
TN:
SF:src\models\coordinate.ts
FN:9,(anonymous_0)
FNF:1
FNH:1
FNDA:36,(anonymous_0)
DA:10,36
DA:11,36
DA:12,36
DA:13,36
DA:14,36
DA:17,8
LF:6
LH:6
BRF:0
BRH:0
end_of_record
TN:
SF:src\models\document.ts
FN:31,(anonymous_0)
FN:57,(anonymous_1)
FNF:2
FNH:2
FNDA:106,(anonymous_0)
FNDA:10,(anonymous_1)
DA:42,106
DA:43,106
DA:44,106
DA:45,106
DA:46,106
DA:47,106
DA:48,106
DA:49,106
DA:50,106
DA:57,10
DA:58,10
DA:59,10
DA:60,10
DA:61,10
DA:62,10
DA:66,10
LF:16
LH:16
BRDA:38,0,0,0
BRDA:39,1,0,0
BRDA:57,2,0,10
BRDA:57,2,1,10
BRF:4
BRH:2
end_of_record
TN:
SF:src\models\document_coordinate.ts
FN:35,(anonymous_0)
FN:63,(anonymous_1)
FNF:2
FNH:2
FNDA:27,(anonymous_0)
FNDA:8,(anonymous_1)
DA:47,27
DA:48,27
DA:49,27
DA:50,27
DA:51,27
DA:52,27
DA:53,27
DA:54,27
DA:55,27
DA:56,27
DA:63,8
DA:64,8
DA:65,8
DA:66,8
DA:67,8
DA:68,8
DA:71,8
LF:17
LH:17
BRDA:42,0,0,0
BRDA:43,1,0,0
BRDA:63,2,0,8
BRDA:63,2,1,8
BRF:4
BRH:2
end_of_record
TN:
SF:src\models\document_link.ts
FN:34,(anonymous_0)
FN:62,(anonymous_1)
FNF:2
FNH:2
FNDA:18,(anonymous_0)
FNDA:10,(anonymous_1)
DA:46,18
DA:47,18
DA:48,18
DA:49,18
DA:50,18
DA:51,18
DA:52,18
DA:53,18
DA:54,18
DA:55,18
DA:62,10
DA:63,10
DA:64,10
DA:65,10
DA:66,10
DA:67,10
DA:70,10
LF:17
LH:17
BRDA:41,0,0,0
BRDA:42,1,0,0
BRDA:62,2,0,10
BRDA:62,2,1,10
BRF:4
BRH:2
end_of_record
TN:
SF:src\models\link.ts
FN:5,(anonymous_0)
FNF:1
FNH:1
FNDA:24,(anonymous_0)
DA:6,24
DA:7,24
DA:10,13
LF:3
LH:3
BRF:0
BRH:0
end_of_record
TN:
SF:src\models\scale.ts
FN:5,(anonymous_0)
FNF:1
FNH:0
FNDA:0,(anonymous_0)
DA:6,0
DA:7,0
DA:10,4
LF:3
LH:1
BRF:0
BRH:0
end_of_record
TN:
SF:src\models\stakeholder.ts
FN:16,(anonymous_0)
FNF:1
FNH:1
FNDA:70,(anonymous_0)
DA:21,70
DA:22,70
DA:23,70
DA:29,14
LF:4
LH:4
BRF:0
BRH:0
end_of_record
TN:
SF:src\models\user.ts
FN:17,(anonymous_0)
FN:29,(anonymous_1)
FNF:2
FNH:2
FNDA:222,(anonymous_0)
FNDA:6,(anonymous_1)
DA:18,222
DA:19,222
DA:20,222
DA:21,222
DA:29,6
DA:30,6
DA:31,6
DA:32,6
DA:36,6
LF:9
LH:9
BRDA:29,0,0,6
BRDA:29,0,1,6
BRF:2
BRH:2
end_of_record
TN:
SF:src\routers\AuthRoutes.ts
FN:21,(anonymous_1)
FN:28,(anonymous_2)
FN:39,(anonymous_3)
FN:59,(anonymous_4)
FN:62,(anonymous_5)
FN:63,(anonymous_6)
FN:85,(anonymous_7)
FN:88,(anonymous_8)
FN:89,(anonymous_9)
FN:104,(anonymous_10)
FN:107,(anonymous_11)
FN:108,(anonymous_12)
FN:123,(anonymous_13)
FNF:13
FNH:7
FNDA:4,(anonymous_1)
FNDA:4,(anonymous_2)
FNDA:4,(anonymous_3)
FNDA:0,(anonymous_4)
FNDA:0,(anonymous_5)
FNDA:0,(anonymous_6)
FNDA:76,(anonymous_7)
FNDA:76,(anonymous_8)
FNDA:0,(anonymous_9)
FNDA:69,(anonymous_10)
FNDA:69,(anonymous_11)
FNDA:0,(anonymous_12)
FNDA:0,(anonymous_13)
DA:1,4
DA:3,4
DA:6,4
DA:22,4
DA:23,4
DA:24,4
DA:25,4
DA:29,4
DA:51,4
DA:60,0
DA:61,0
DA:62,0
DA:63,0
DA:65,0
DA:80,4
DA:86,76
DA:87,76
DA:88,76
DA:89,0
DA:91,0
DA:101,4
DA:105,69
DA:106,69
DA:107,69
DA:108,0
DA:110,0
DA:120,4
DA:123,0
DA:130,4
LF:29
LH:19
BRF:0
BRH:0
end_of_record
TN:
SF:src\routers\auth.ts
FN:20,(anonymous_1)
FN:30,(anonymous_2)
FN:49,(anonymous_3)
FN:50,(anonymous_4)
FN:52,(anonymous_5)
FN:66,(anonymous_6)
FN:76,(anonymous_7)
FN:77,(anonymous_8)
FN:79,(anonymous_9)
FN:96,(anonymous_10)
FN:97,(anonymous_11)
FN:98,(anonymous_12)
FN:102,(anonymous_13)
FN:115,(anonymous_14)
FN:116,(anonymous_15)
FN:117,(anonymous_16)
FN:129,(anonymous_17)
FN:142,(anonymous_18)
FN:155,(anonymous_19)
FN:168,(anonymous_20)
FNF:20
FNH:17
FNDA:2,(anonymous_1)
FNDA:2,(anonymous_2)
FNDA:76,(anonymous_3)
FNDA:76,(anonymous_4)
FNDA:76,(anonymous_5)
FNDA:76,(anonymous_6)
FNDA:144,(anonymous_7)
FNDA:144,(anonymous_8)
FNDA:0,(anonymous_9)
FNDA:76,(anonymous_10)
FNDA:76,(anonymous_11)
FNDA:76,(anonymous_12)
FNDA:76,(anonymous_13)
FNDA:69,(anonymous_14)
FNDA:69,(anonymous_15)
FNDA:69,(anonymous_16)
FNDA:151,(anonymous_17)
FNDA:0,(anonymous_18)
FNDA:75,(anonymous_19)
FNDA:0,(anonymous_20)
DA:3,4
DA:4,4
DA:5,4
DA:6,4
DA:7,4
DA:21,2
DA:22,2
DA:23,2
DA:31,2
DA:38,2
DA:39,2
DA:41,2
DA:48,2
DA:50,76
DA:51,76
DA:52,76
DA:53,76
DA:56,0
DA:66,2
DA:67,76
DA:76,2
DA:77,144
DA:78,144
DA:80,0
DA:97,76
DA:98,76
DA:99,76
DA:100,76
DA:102,76
DA:103,76
DA:104,76
DA:116,69
DA:117,69
DA:130,151
DA:131,7
DA:143,0
DA:144,0
DA:156,75
DA:157,7
DA:169,0
DA:170,0
DA:175,4
LF:42
LH:36
BRDA:51,0,0,76
BRDA:51,0,1,0
BRDA:99,1,0,0
BRDA:100,2,0,0
BRDA:103,3,0,0
BRDA:130,4,0,144
BRDA:143,5,0,0
BRDA:143,6,0,0
BRDA:143,6,1,0
BRDA:156,7,0,68
BRDA:156,8,0,75
BRDA:156,8,1,75
BRDA:169,9,0,0
BRDA:169,10,0,0
BRDA:169,10,1,0
BRF:15
BRH:5
end_of_record
TN:
SF:src\routers\coordinatesRoutes.ts
FN:15,(anonymous_1)
FN:23,(anonymous_2)
FN:27,(anonymous_3)
FN:31,(anonymous_4)
FN:34,(anonymous_5)
FN:35,(anonymous_6)
FN:48,(anonymous_7)
FN:49,(anonymous_8)
FN:56,(anonymous_9)
FN:59,(anonymous_10)
FN:61,(anonymous_11)
FN:73,(anonymous_12)
FN:74,(anonymous_13)
FN:82,(anonymous_14)
FN:85,(anonymous_15)
FN:86,(anonymous_16)
FN:103,(anonymous_17)
FN:106,(anonymous_18)
FN:107,(anonymous_19)
FNF:19
FNH:19
FNDA:4,(anonymous_1)
FNDA:4,(anonymous_2)
FNDA:4,(anonymous_3)
FNDA:6,(anonymous_4)
FNDA:4,(anonymous_5)
FNDA:2,(anonymous_6)
FNDA:22,(anonymous_7)
FNDA:26,(anonymous_8)
FNDA:7,(anonymous_9)
FNDA:4,(anonymous_10)
FNDA:2,(anonymous_11)
FNDA:10,(anonymous_12)
FNDA:12,(anonymous_13)
FNDA:4,(anonymous_14)
FNDA:3,(anonymous_15)
FNDA:1,(anonymous_16)
FNDA:4,(anonymous_17)
FNDA:2,(anonymous_18)
FNDA:2,(anonymous_19)
DA:1,4
DA:2,4
DA:3,4
DA:4,4
DA:7,4
DA:16,4
DA:17,4
DA:18,4
DA:19,4
DA:20,4
DA:24,4
DA:29,4
DA:32,6
DA:33,6
DA:34,4
DA:35,2
DA:38,0
DA:43,4
DA:49,26
DA:51,22
DA:52,14
DA:53,12
DA:57,7
DA:58,7
DA:60,4
DA:61,2
DA:63,1
DA:68,4
DA:74,12
DA:76,10
DA:77,7
DA:79,6
DA:83,4
DA:84,4
DA:85,3
DA:86,1
DA:88,0
DA:97,4
DA:104,4
DA:105,4
DA:106,2
DA:107,2
DA:109,0
DA:118,4
LF:44
LH:41
BRDA:49,0,0,26
BRDA:49,0,1,21
BRDA:49,0,2,16
BRDA:51,1,0,8
BRDA:51,2,0,22
BRDA:51,2,1,18
BRDA:52,3,0,2
BRDA:52,4,0,14
BRDA:52,4,1,4
BRDA:74,5,0,12
BRDA:74,5,1,10
BRDA:74,5,2,8
BRDA:76,6,0,3
BRDA:76,7,0,10
BRDA:76,7,1,8
BRDA:77,8,0,1
BRDA:77,9,0,7
BRDA:77,9,1,2
BRF:18
BRH:18
end_of_record
TN:
SF:src\routers\documentRoutes.ts
FN:16,(anonymous_8)
FN:24,(anonymous_9)
FN:28,(anonymous_10)
FN:43,(anonymous_11)
FN:55,(anonymous_12)
FN:56,(anonymous_13)
FN:66,(anonymous_14)
FN:69,(anonymous_15)
FN:70,(anonymous_16)
FN:81,(anonymous_17)
FN:84,(anonymous_18)
FN:85,(anonymous_19)
FN:101,(anonymous_20)
FN:104,(anonymous_21)
FN:105,(anonymous_22)
FN:126,(anonymous_23)
FN:139,(anonymous_24)
FN:140,(anonymous_25)
FN:151,(anonymous_26)
FN:154,(anonymous_27)
FN:155,(anonymous_28)
FN:166,(anonymous_29)
FN:169,(anonymous_30)
FN:170,(anonymous_31)
FN:181,(anonymous_32)
FN:184,(anonymous_33)
FN:185,(anonymous_34)
FN:196,(anonymous_35)
FN:199,(anonymous_36)
FN:200,(anonymous_37)
FN:211,(anonymous_38)
FN:211,(anonymous_39)
FN:229,(anonymous_40)
FN:229,(anonymous_41)
FN:244,(anonymous_42)
FN:244,(anonymous_43)
FN:258,(anonymous_44)
FN:258,(anonymous_45)
FN:275,(anonymous_46)
FN:278,(anonymous_47)
FN:279,(anonymous_48)
FNF:41
FNH:41
FNDA:4,(anonymous_8)
FNDA:4,(anonymous_9)
FNDA:4,(anonymous_10)
FNDA:4,(anonymous_11)
FNDA:2,(anonymous_12)
FNDA:2,(anonymous_13)
FNDA:6,(anonymous_14)
FNDA:4,(anonymous_15)
FNDA:2,(anonymous_16)
FNDA:4,(anonymous_17)
FNDA:2,(anonymous_18)
FNDA:2,(anonymous_19)
FNDA:4,(anonymous_20)
FNDA:2,(anonymous_21)
FNDA:2,(anonymous_22)
FNDA:4,(anonymous_23)
FNDA:2,(anonymous_24)
FNDA:2,(anonymous_25)
FNDA:4,(anonymous_26)
FNDA:2,(anonymous_27)
FNDA:2,(anonymous_28)
FNDA:4,(anonymous_29)
FNDA:2,(anonymous_30)
FNDA:2,(anonymous_31)
FNDA:4,(anonymous_32)
FNDA:2,(anonymous_33)
FNDA:2,(anonymous_34)
FNDA:4,(anonymous_35)
FNDA:2,(anonymous_36)
FNDA:2,(anonymous_37)
FNDA:6,(anonymous_38)
FNDA:6,(anonymous_39)
FNDA:4,(anonymous_40)
FNDA:4,(anonymous_41)
FNDA:2,(anonymous_42)
FNDA:2,(anonymous_43)
FNDA:2,(anonymous_44)
FNDA:2,(anonymous_45)
FNDA:2,(anonymous_46)
FNDA:1,(anonymous_47)
FNDA:1,(anonymous_48)
DA:1,4
DA:2,4
DA:3,4
DA:4,4
DA:17,4
DA:18,4
DA:19,4
DA:20,4
DA:21,4
DA:25,4
DA:30,4
DA:44,4
DA:45,4
DA:55,2
DA:56,2
DA:58,0
DA:64,4
DA:67,6
DA:68,6
DA:69,4
DA:70,2
DA:72,0
DA:77,4
DA:82,4
DA:83,4
DA:84,2
DA:87,2
DA:90,0
DA:95,4
DA:102,4
DA:103,4
DA:104,2
DA:105,2
DA:107,0
DA:112,4
DA:127,4
DA:128,4
DA:139,2
DA:140,2
DA:142,0
DA:147,4
DA:152,4
DA:153,4
DA:154,2
DA:155,2
DA:157,0
DA:162,4
DA:167,4
DA:168,4
DA:169,2
DA:170,2
DA:172,0
DA:177,4
DA:182,4
DA:183,4
DA:184,2
DA:185,2
DA:187,0
DA:192,4
DA:197,4
DA:198,4
DA:199,2
DA:200,2
DA:202,0
DA:207,4
DA:211,6
DA:212,6
DA:213,6
DA:214,4
DA:216,2
DA:221,4
DA:229,4
DA:230,4
DA:231,4
DA:232,2
DA:234,2
DA:239,4
DA:244,2
DA:245,2
DA:246,2
DA:247,1
DA:249,1
DA:254,4
DA:258,2
DA:259,2
DA:260,2
DA:261,1
DA:263,1
DA:268,4
DA:276,2
DA:277,2
DA:278,1
DA:279,1
DA:281,0
DA:288,4
LF:95
LH:85
BRF:0
BRH:0
end_of_record
TN:
SF:src\routers\linkRoutes.ts
FN:14,(anonymous_1)
FN:22,(anonymous_2)
FN:26,(anonymous_3)
FN:36,(anonymous_4)
FN:39,(anonymous_5)
FN:40,(anonymous_6)
FN:55,(anonymous_7)
FN:58,(anonymous_8)
FN:59,(anonymous_9)
FN:75,(anonymous_10)
FN:78,(anonymous_11)
FN:79,(anonymous_12)
FN:87,(anonymous_13)
FN:90,(anonymous_14)
FN:91,(anonymous_15)
FNF:15
FNH:3
FNDA:4,(anonymous_1)
FNDA:4,(anonymous_2)
FNDA:4,(anonymous_3)
FNDA:0,(anonymous_4)
FNDA:0,(anonymous_5)
FNDA:0,(anonymous_6)
FNDA:0,(anonymous_7)
FNDA:0,(anonymous_8)
FNDA:0,(anonymous_9)
FNDA:0,(anonymous_10)
FNDA:0,(anonymous_11)
FNDA:0,(anonymous_12)
FNDA:0,(anonymous_13)
FNDA:0,(anonymous_14)
FNDA:0,(anonymous_15)
DA:1,4
DA:2,4
DA:3,4
DA:4,4
DA:15,4
DA:16,4
DA:17,4
DA:18,4
DA:19,4
DA:23,4
DA:28,4
DA:37,0
DA:38,0
DA:39,0
DA:40,0
DA:42,0
DA:47,4
DA:56,0
DA:57,0
DA:58,0
DA:59,0
DA:61,0
DA:66,4
DA:76,0
DA:77,0
DA:78,0
DA:79,0
DA:81,0
DA:85,4
DA:88,0
DA:89,0
DA:90,0
DA:91,0
DA:93,0
DA:100,4
LF:35
LH:15
BRF:0
BRH:0
end_of_record
TN:
SF:src\routers\scaleRoutes.ts
FN:14,(anonymous_8)
FN:22,(anonymous_9)
FN:26,(anonymous_10)
FN:31,(anonymous_11)
FN:34,(anonymous_12)
FN:35,(anonymous_13)
FN:65,(anonymous_14)
FN:65,(anonymous_15)
FNF:8
FNH:3
FNDA:4,(anonymous_8)
FNDA:4,(anonymous_9)
FNDA:4,(anonymous_10)
FNDA:0,(anonymous_11)
FNDA:0,(anonymous_12)
FNDA:0,(anonymous_13)
FNDA:0,(anonymous_14)
FNDA:0,(anonymous_15)
DA:1,4
DA:2,4
DA:4,4
DA:15,4
DA:16,4
DA:17,4
DA:18,4
DA:19,4
DA:23,4
DA:29,4
DA:32,0
DA:33,0
DA:34,0
DA:35,0
DA:37,0
DA:60,4
DA:65,0
DA:66,0
DA:67,0
DA:68,0
DA:69,0
DA:72,0
DA:73,0
DA:75,0
DA:76,0
DA:83,4
LF:26
LH:12
BRDA:68,0,0,0
BRDA:68,1,0,0
BRDA:68,1,1,0
BRF:3
BRH:0
end_of_record
TN:
SF:src\routers\stakeholderRoutes.ts
FN:12,(anonymous_1)
FN:19,(anonymous_2)
FN:23,(anonymous_3)
FN:27,(anonymous_4)
FN:30,(anonymous_5)
FN:31,(anonymous_6)
FN:43,(anonymous_7)
FN:46,(anonymous_8)
FN:52,(anonymous_9)
FNF:9
FNH:3
FNDA:4,(anonymous_1)
FNDA:4,(anonymous_2)
FNDA:4,(anonymous_3)
FNDA:0,(anonymous_4)
FNDA:0,(anonymous_5)
FNDA:0,(anonymous_6)
FNDA:0,(anonymous_7)
FNDA:0,(anonymous_8)
FNDA:0,(anonymous_9)
DA:1,4
DA:2,4
DA:3,4
DA:5,4
DA:13,4
DA:14,4
DA:15,4
DA:16,4
DA:20,4
DA:25,4
DA:28,0
DA:29,0
DA:30,0
DA:31,0
DA:33,0
DA:38,4
DA:44,0
DA:45,0
DA:47,0
DA:52,0
DA:54,0
DA:61,4
LF:22
LH:12
BRF:0
BRH:0
end_of_record
