TN:
SF:src\dao\documentDAO.ts
FN:19,(anonymous_1)
FN:20,(anonymous_2)
FN:24,(anonymous_3)
FN:34,(anonymous_4)
FN:35,(anonymous_5)
FN:36,(anonymous_6)
FN:48,(anonymous_7)
FN:49,(anonymous_8)
FN:62,(anonymous_9)
FN:63,(anonymous_10)
FN:73,(anonymous_11)
FN:98,(anonymous_12)
FN:117,(anonymous_13)
FN:118,(anonymous_14)
FN:127,(anonymous_15)
FN:139,(anonymous_16)
FN:176,(anonymous_17)
FN:177,(anonymous_18)
FN:180,(anonymous_19)
FN:207,(anonymous_20)
FN:209,(anonymous_21)
FN:222,(anonymous_22)
FN:230,(anonymous_23)
FN:239,(anonymous_24)
FN:240,(anonymous_25)
FN:241,(anonymous_26)
FN:253,(anonymous_27)
FN:254,(anonymous_28)
FN:260,(anonymous_29)
FN:261,(anonymous_30)
FN:269,(anonymous_31)
FN:273,(anonymous_32)
FN:274,(anonymous_33)
FN:276,(anonymous_34)
FN:279,(anonymous_35)
FN:284,(anonymous_36)
FN:285,(anonymous_37)
FN:289,(anonymous_38)
FN:296,(anonymous_39)
FN:299,(anonymous_40)
FN:320,(anonymous_41)
FN:336,(anonymous_42)
FN:337,(anonymous_43)
FN:340,(anonymous_44)
FN:363,(anonymous_45)
FN:364,(anonymous_46)
FN:367,(anonymous_47)
FN:390,(anonymous_48)
FN:391,(anonymous_49)
FN:394,(anonymous_50)
FN:418,(anonymous_51)
FN:419,(anonymous_52)
FN:422,(anonymous_53)
FN:431,(anonymous_54)
FNF:54
FNH:12
FNDA:5,(anonymous_1)
FNDA:5,(anonymous_2)
FNDA:4,(anonymous_3)
FNDA:6,(anonymous_4)
FNDA:6,(anonymous_5)
FNDA:6,(anonymous_6)
FNDA:1,(anonymous_7)
FNDA:2,(anonymous_8)
FNDA:1,(anonymous_9)
FNDA:1,(anonymous_10)
FNDA:1,(anonymous_11)
FNDA:2,(anonymous_12)
FNDA:0,(anonymous_13)
FNDA:0,(anonymous_14)
FNDA:0,(anonymous_15)
FNDA:0,(anonymous_16)
FNDA:0,(anonymous_17)
FNDA:0,(anonymous_18)
FNDA:0,(anonymous_19)
FNDA:0,(anonymous_20)
FNDA:0,(anonymous_21)
FNDA:0,(anonymous_22)
FNDA:0,(anonymous_23)
FNDA:0,(anonymous_24)
FNDA:0,(anonymous_25)
FNDA:0,(anonymous_26)
FNDA:0,(anonymous_27)
FNDA:0,(anonymous_28)
FNDA:0,(anonymous_29)
FNDA:0,(anonymous_30)
FNDA:0,(anonymous_31)
FNDA:0,(anonymous_32)
FNDA:0,(anonymous_33)
FNDA:0,(anonymous_34)
FNDA:0,(anonymous_35)
FNDA:0,(anonymous_36)
FNDA:0,(anonymous_37)
FNDA:0,(anonymous_38)
FNDA:0,(anonymous_39)
FNDA:0,(anonymous_40)
FNDA:0,(anonymous_41)
FNDA:0,(anonymous_42)
FNDA:0,(anonymous_43)
FNDA:0,(anonymous_44)
FNDA:0,(anonymous_45)
FNDA:0,(anonymous_46)
FNDA:0,(anonymous_47)
FNDA:0,(anonymous_48)
FNDA:0,(anonymous_49)
FNDA:0,(anonymous_50)
FNDA:0,(anonymous_51)
FNDA:0,(anonymous_52)
FNDA:0,(anonymous_53)
FNDA:0,(anonymous_54)
DA:1,1
DA:2,1
DA:3,1
DA:4,1
DA:20,5
DA:21,5
DA:23,5
DA:24,5
DA:25,4
DA:26,1
DA:27,1
DA:30,3
DA:33,3
DA:34,3
DA:35,6
DA:36,6
DA:37,6
DA:38,2
DA:40,4
DA:47,3
DA:48,1
DA:49,2
DA:52,1
DA:63,1
DA:64,1
DA:65,1
DA:73,1
DA:74,1
DA:75,0
DA:76,0
DA:78,1
DA:79,0
DA:80,0
DA:84,1
DA:85,1
DA:98,2
DA:104,1
DA:107,0
DA:118,0
DA:119,0
DA:120,0
DA:127,0
DA:128,0
DA:129,0
DA:130,0
DA:132,0
DA:133,0
DA:134,0
DA:138,0
DA:139,0
DA:140,0
DA:141,0
DA:142,0
DA:156,0
DA:157,0
DA:161,0
DA:162,0
DA:165,0
DA:177,0
DA:178,0
DA:179,0
DA:180,0
DA:181,0
DA:182,0
DA:183,0
DA:185,0
DA:188,0
DA:209,0
DA:210,0
DA:211,0
DA:222,0
DA:223,0
DA:224,0
DA:225,0
DA:226,0
DA:229,0
DA:230,0
DA:231,0
DA:232,0
DA:233,0
DA:234,0
DA:238,0
DA:239,0
DA:240,0
DA:241,0
DA:242,0
DA:243,0
DA:245,0
DA:252,0
DA:253,0
DA:254,0
DA:261,0
DA:262,0
DA:263,0
DA:269,0
DA:270,0
DA:271,0
DA:273,0
DA:274,0
DA:275,0
DA:276,0
DA:278,0
DA:279,0
DA:280,0
DA:281,0
DA:282,0
DA:284,0
DA:285,0
DA:286,0
DA:289,0
DA:290,0
DA:296,0
DA:297,0
DA:299,0
DA:300,0
DA:303,0
DA:319,0
DA:320,0
DA:325,0
DA:337,0
DA:338,0
DA:339,0
DA:340,0
DA:341,0
DA:342,0
DA:343,0
DA:345,0
DA:346,0
DA:347,0
DA:349,0
DA:352,0
DA:364,0
DA:365,0
DA:366,0
DA:367,0
DA:368,0
DA:369,0
DA:370,0
DA:372,0
DA:373,0
DA:374,0
DA:376,0
DA:379,0
DA:391,0
DA:392,0
DA:393,0
DA:394,0
DA:395,0
DA:396,0
DA:397,0
DA:399,0
DA:400,0
DA:401,0
DA:403,0
DA:406,0
DA:419,0
DA:420,0
DA:421,0
DA:422,0
DA:423,0
DA:424,0
DA:425,0
DA:427,0
DA:428,0
DA:429,0
DA:431,0
DA:442,0
DA:445,0
DA:455,1
LF:169
LH:34
BRDA:25,0,0,1
BRDA:37,1,0,2
BRDA:37,1,1,4
BRDA:74,2,0,0
BRDA:78,3,0,0
BRDA:78,4,0,1
BRDA:78,4,1,1
BRDA:128,5,0,0
BRDA:132,6,0,0
BRDA:132,7,0,0
BRDA:132,7,1,0
BRDA:141,8,0,0
BRDA:157,9,0,0
BRDA:157,9,1,0
BRDA:157,10,0,0
BRDA:157,10,1,0
BRDA:181,11,0,0
BRDA:223,12,0,0
BRDA:231,13,0,0
BRDA:242,14,0,0
BRDA:242,14,1,0
BRDA:270,15,0,0
BRDA:271,16,0,0
BRDA:271,17,0,0
BRDA:271,17,1,0
BRDA:280,18,0,0
BRDA:282,19,0,0
BRDA:282,20,0,0
BRDA:282,20,1,0
BRDA:286,21,0,0
BRDA:286,21,1,0
BRDA:286,21,2,0
BRDA:297,22,0,0
BRDA:299,23,0,0
BRDA:299,23,1,0
BRDA:341,24,0,0
BRDA:345,25,0,0
BRDA:368,26,0,0
BRDA:372,27,0,0
BRDA:376,28,0,0
BRDA:376,28,1,0
BRDA:376,29,0,0
BRDA:376,29,1,0
BRDA:395,30,0,0
BRDA:399,31,0,0
BRDA:423,32,0,0
BRDA:427,33,0,0
BRDA:427,34,0,0
BRDA:427,34,1,0
BRF:49
BRH:5
end_of_record
TN:
SF:src\db\db.ts
FN:22,(anonymous_0)
FNF:1
FNH:0
FNDA:0,(anonymous_0)
DA:9,1
DA:16,1
DA:19,1
DA:22,1
DA:23,0
DA:24,0
DA:27,1
LF:7
LH:5
BRDA:16,0,0,1
BRDA:16,0,1,0
BRDA:19,1,0,1
BRDA:19,1,1,0
BRDA:23,2,0,0
BRF:5
BRH:2
end_of_record
TN:
SF:src\models\document.ts
FN:29,(anonymous_0)
FN:55,(anonymous_1)
FNF:2
FNH:2
FNDA:2,(anonymous_0)
FNDA:1,(anonymous_1)
DA:40,2
DA:41,2
DA:42,2
DA:43,2
DA:44,2
DA:45,2
DA:46,2
DA:47,2
DA:48,2
DA:55,1
DA:56,1
DA:57,1
DA:58,1
DA:59,1
DA:60,1
DA:64,1
LF:16
LH:16
BRDA:36,0,0,0
BRDA:37,1,0,0
BRDA:38,2,0,0
BRDA:55,3,0,1
BRDA:55,3,1,1
BRF:5
BRH:2
end_of_record
TN:
SF:src\models\document_link.ts
FN:30,(anonymous_0)
FN:58,(anonymous_1)
FNF:2
FNH:1
FNDA:0,(anonymous_0)
FNDA:1,(anonymous_1)
DA:42,0
DA:43,0
DA:44,0
DA:45,0
DA:46,0
DA:47,0
DA:48,0
DA:49,0
DA:50,0
DA:51,0
DA:58,1
DA:59,1
DA:60,1
DA:61,1
DA:62,1
DA:63,1
DA:66,1
LF:17
LH:7
BRDA:37,0,0,0
BRDA:38,1,0,0
BRDA:39,2,0,0
BRDA:58,3,0,1
BRDA:58,3,1,1
BRF:5
BRH:2
end_of_record
TN:
SF:src\models\stakeholder.ts
FN:16,(anonymous_0)
FNF:1
FNH:1
FNDA:4,(anonymous_0)
DA:21,4
DA:22,4
DA:23,4
DA:29,1
LF:4
LH:4
BRF:0
BRH:0
end_of_record
